#
# There is insufficient memory for the Java Runtime Environment to continue.
# Native memory allocation (malloc) failed to allocate 65552 bytes for Chunk::new
# Possible reasons:
#   The system is out of physical RAM or swap space
#   The process is running with CompressedOops enabled, and the Java Heap may be blocking the growth of the native heap
# Possible solutions:
#   Reduce memory load on the system
#   Increase physical memory or swap space
#   Check if swap backing store is full
#   Decrease Java heap size (-Xmx/-Xms)
#   Decrease number of Java threads
#   Decrease Java thread stack sizes (-Xss)
#   Set larger code cache with -XX:ReservedCodeCacheSize=
#   JVM is running with Unscaled Compressed Oops mode in which the Java heap is
#     placed in the first 4GB address space. The Java Heap base address is the
#     maximum limit for the native heap growth. Please use -XX:HeapBaseMinAddress
#     to set the Java Heap base and to place the Java Heap above 4GB virtual address.
# This output file may be truncated or incomplete.
#
#  Out of Memory Error (arena.cpp:191), pid=5248, tid=13912
#
# JRE version: OpenJDK Runtime Environment Temurin-17.0.10+7 (17.0.10+7) (build 17.0.10+7)
# Java VM: OpenJDK 64-Bit Server VM Temurin-17.0.10+7 (17.0.10+7, mixed mode, tiered, compressed oops, compressed class ptrs, parallel gc, windows-amd64)
# No core dump will be written. Minidumps are not enabled by default on client versions of Windows
#

---------------  S U M M A R Y ------------

Command Line: --add-modules=ALL-SYSTEM --add-opens=java.base/java.util=ALL-UNNAMED --add-opens=java.base/java.lang=ALL-UNNAMED --add-opens=java.base/sun.nio.fs=ALL-UNNAMED -Declipse.application=org.eclipse.jdt.ls.core.id1 -Dosgi.bundles.defaultStartLevel=4 -Declipse.product=org.eclipse.jdt.ls.core.product -Djava.import.generatesMetadataFilesAtProjectRoot=false -DDetectVMInstallationsJob.disabled=true -Dfile.encoding=utf8 -XX:+UseParallelGC -XX:GCTimeRatio=4 -XX:AdaptiveSizePolicyWeight=90 -Dsun.zip.disableMemoryMapping=true -Xmx1G -Xms100m -Xlog:disable -javaagent:c:\Users\HP\.vscode\extensions\redhat.java-1.27.0-win32-x64\lombok\lombok-1.18.31.jar -XX:+HeapDumpOnOutOfMemoryError -XX:HeapDumpPath=c:\Users\HP\AppData\Roaming\Code\User\workspaceStorage\33794f0b901246631386b9e0ac989ecd\redhat.java -Daether.dependencyCollector.impl=bf c:\Users\HP\.vscode\extensions\redhat.java-1.27.0-win32-x64\server\plugins\org.eclipse.equinox.launcher_1.6.700.v20231214-2017.jar -configuration c:\Users\HP\AppData\Roaming\Code\User\globalStorage\redhat.java\1.27.0\config_win -data c:\Users\HP\AppData\Roaming\Code\User\workspaceStorage\33794f0b901246631386b9e0ac989ecd\redhat.java\jdt_ws --stdio

Host: Intel(R) Core(TM) i5-10210U CPU @ 1.60GHz, 8 cores, 3G,  Windows 11 , 64 bit Build 22621 (10.0.22621.2506)
Time: Tue Feb  6 00:54:10 2024 India Standard Time elapsed time: 35.814984 seconds (0d 0h 0m 35s)

---------------  T H R E A D  ---------------

Current thread (0x00000250fd3ad890):  JavaThread "C2 CompilerThread0" daemon [_thread_in_native, id=13912, stack(0x000000c66fc00000,0x000000c66fd00000)]


Current CompileTask:
C2:  35815 2112       4       org.apache.felix.resolver.ResolverImpl::mergeUses (495 bytes)

Stack: [0x000000c66fc00000,0x000000c66fd00000]
Native frames: (J=compiled Java code, j=interpreted, Vv=VM code, C=native code)
V  [jvm.dll+0x67d2c9]
V  [jvm.dll+0x834afa]
V  [jvm.dll+0x8365be]
V  [jvm.dll+0x836c23]
V  [jvm.dll+0x2477ff]
V  [jvm.dll+0xac514]
V  [jvm.dll+0xacb5c]
V  [jvm.dll+0xb9a0d]
V  [jvm.dll+0x57532e]
V  [jvm.dll+0x5736e0]
V  [jvm.dll+0x5740e0]
V  [jvm.dll+0x5734fe]
V  [jvm.dll+0x573511]
V  [jvm.dll+0x573511]
V  [jvm.dll+0x573511]
V  [jvm.dll+0x573511]
V  [jvm.dll+0x573511]
V  [jvm.dll+0x573511]
V  [jvm.dll+0x573511]
V  [jvm.dll+0x573511]
V  [jvm.dll+0x573511]
V  [jvm.dll+0x5734c5]
V  [jvm.dll+0x5734c5]
V  [jvm.dll+0x5734c5]
V  [jvm.dll+0x573511]
V  [jvm.dll+0x573511]
V  [jvm.dll+0x573511]
V  [jvm.dll+0x573511]
V  [jvm.dll+0x573511]
V  [jvm.dll+0x573511]
V  [jvm.dll+0x5734c5]
V  [jvm.dll+0x573511]
V  [jvm.dll+0x573511]
V  [jvm.dll+0x573511]
V  [jvm.dll+0x5853cf]
V  [jvm.dll+0x2228a2]
V  [jvm.dll+0x21ba9e]
V  [jvm.dll+0x219201]
V  [jvm.dll+0x1a502d]
V  [jvm.dll+0x2290de]
V  [jvm.dll+0x2272ac]
V  [jvm.dll+0x7e9bb7]
V  [jvm.dll+0x7e3fba]
V  [jvm.dll+0x67c1b5]
C  [ucrtbase.dll+0x29363]
C  [KERNEL32.DLL+0x1257d]
C  [ntdll.dll+0x5aa58]


---------------  P R O C E S S  ---------------

Threads class SMR info:
_java_thread_list=0x00000250fe7068d0, length=24, elements={
0x00000250f3431940, 0x00000250fd386030, 0x00000250fd389580, 0x00000250f82a9870,
0x00000250f82aa400, 0x00000250f82ae780, 0x00000250fd3ac770, 0x00000250fd3ad890,
0x00000250fd3aec00, 0x00000250fd3af510, 0x00000250fd4da580, 0x00000250fd717c20,
0x00000250fef44030, 0x00000250fef44540, 0x00000250fef40d90, 0x00000250fef412a0,
0x00000250fef417b0, 0x00000250fef41cc0, 0x00000250fef421d0, 0x00000250fef426e0,
0x00000250fef43610, 0x00000250fef42bf0, 0x00000250fef43100, 0x00000250fef43b20
}

Java Threads: ( => current thread )
  0x00000250f3431940 JavaThread "main" [_thread_blocked, id=14248, stack(0x000000c66f300000,0x000000c66f400000)]
  0x00000250fd386030 JavaThread "Reference Handler" daemon [_thread_blocked, id=8968, stack(0x000000c66f600000,0x000000c66f700000)]
  0x00000250fd389580 JavaThread "Finalizer" daemon [_thread_blocked, id=12948, stack(0x000000c66f700000,0x000000c66f800000)]
  0x00000250f82a9870 JavaThread "Signal Dispatcher" daemon [_thread_blocked, id=7160, stack(0x000000c66f800000,0x000000c66f900000)]
  0x00000250f82aa400 JavaThread "Attach Listener" daemon [_thread_blocked, id=17144, stack(0x000000c66f900000,0x000000c66fa00000)]
  0x00000250f82ae780 JavaThread "Service Thread" daemon [_thread_blocked, id=3672, stack(0x000000c66fa00000,0x000000c66fb00000)]
  0x00000250fd3ac770 JavaThread "Monitor Deflation Thread" daemon [_thread_blocked, id=15384, stack(0x000000c66fb00000,0x000000c66fc00000)]
=>0x00000250fd3ad890 JavaThread "C2 CompilerThread0" daemon [_thread_in_native, id=13912, stack(0x000000c66fc00000,0x000000c66fd00000)]
  0x00000250fd3aec00 JavaThread "C1 CompilerThread0" daemon [_thread_blocked, id=16832, stack(0x000000c66fd00000,0x000000c66fe00000)]
  0x00000250fd3af510 JavaThread "Sweeper thread" daemon [_thread_blocked, id=13600, stack(0x000000c66fe00000,0x000000c66ff00000)]
  0x00000250fd4da580 JavaThread "Common-Cleaner" daemon [_thread_blocked, id=14320, stack(0x000000c66ff00000,0x000000c670000000)]
  0x00000250fd717c20 JavaThread "Notification Thread" daemon [_thread_blocked, id=13072, stack(0x000000c670000000,0x000000c670100000)]
  0x00000250fef44030 JavaThread "Active Thread: Equinox Container: 0184867c-5940-4f66-8e27-31e97997e835" [_thread_blocked, id=18380, stack(0x000000c670e00000,0x000000c670f00000)]
  0x00000250fef44540 JavaThread "Framework Event Dispatcher: Equinox Container: 0184867c-5940-4f66-8e27-31e97997e835" daemon [_thread_blocked, id=18812, stack(0x000000c670800000,0x000000c670900000)]
  0x00000250fef40d90 JavaThread "Start Level: Equinox Container: 0184867c-5940-4f66-8e27-31e97997e835" daemon [_thread_in_native, id=15748, stack(0x000000c670900000,0x000000c670a00000)]
  0x00000250fef412a0 JavaThread "Refresh Thread: Equinox Container: 0184867c-5940-4f66-8e27-31e97997e835" daemon [_thread_blocked, id=16080, stack(0x000000c670a00000,0x000000c670b00000)]
  0x00000250fef417b0 JavaThread "Equinox resolver thread - Equinox Container: 0184867c-5940-4f66-8e27-31e97997e835" daemon [_thread_blocked, id=15176, stack(0x000000c670c00000,0x000000c670d00000)]
  0x00000250fef41cc0 JavaThread "Equinox resolver thread - Equinox Container: 0184867c-5940-4f66-8e27-31e97997e835" daemon [_thread_blocked, id=9184, stack(0x000000c670d00000,0x000000c670e00000)]
  0x00000250fef421d0 JavaThread "Equinox resolver thread - Equinox Container: 0184867c-5940-4f66-8e27-31e97997e835" daemon [_thread_blocked, id=18836, stack(0x000000c670f00000,0x000000c671000000)]
  0x00000250fef426e0 JavaThread "Equinox resolver thread - Equinox Container: 0184867c-5940-4f66-8e27-31e97997e835" daemon [_thread_blocked, id=17116, stack(0x000000c671000000,0x000000c671100000)]
  0x00000250fef43610 JavaThread "Equinox resolver thread - Equinox Container: 0184867c-5940-4f66-8e27-31e97997e835" daemon [_thread_blocked, id=1840, stack(0x000000c671100000,0x000000c671200000)]
  0x00000250fef42bf0 JavaThread "Equinox resolver thread - Equinox Container: 0184867c-5940-4f66-8e27-31e97997e835" daemon [_thread_blocked, id=17356, stack(0x000000c671200000,0x000000c671300000)]
  0x00000250fef43100 JavaThread "Equinox resolver thread - Equinox Container: 0184867c-5940-4f66-8e27-31e97997e835" daemon [_thread_blocked, id=17468, stack(0x000000c671300000,0x000000c671400000)]
  0x00000250fef43b20 JavaThread "Equinox resolver thread - Equinox Container: 0184867c-5940-4f66-8e27-31e97997e835" daemon [_thread_blocked, id=18644, stack(0x000000c671400000,0x000000c671500000)]

Other Threads:
  0x00000250f34cec30 VMThread "VM Thread" [stack: 0x000000c66f500000,0x000000c66f600000] [id=3040]
  0x00000250fd717410 WatcherThread [stack: 0x000000c670100000,0x000000c670200000] [id=13192]
  0x00000250f3445400 GCTaskThread "GC Thread#0" [stack: 0x000000c66f400000,0x000000c66f500000] [id=15976]
  0x00000250feecdcb0 GCTaskThread "GC Thread#1" [stack: 0x000000c670200000,0x000000c670300000] [id=15100]
  0x00000250fe90fff0 GCTaskThread "GC Thread#2" [stack: 0x000000c670300000,0x000000c670400000] [id=15424]
  0x00000250fe90f620 GCTaskThread "GC Thread#3" [stack: 0x000000c670400000,0x000000c670500000] [id=1268]
  0x00000250fe90f8e0 GCTaskThread "GC Thread#4" [stack: 0x000000c670500000,0x000000c670600000] [id=9048]
  0x00000250fe8a60c0 GCTaskThread "GC Thread#5" [stack: 0x000000c670600000,0x000000c670700000] [id=3560]
  0x00000250fe8a6380 GCTaskThread "GC Thread#6" [stack: 0x000000c670700000,0x000000c670800000] [id=16660]
  0x00000250fefa9330 GCTaskThread "GC Thread#7" [stack: 0x000000c670b00000,0x000000c670c00000] [id=12784]

Threads with active compile tasks:
C2 CompilerThread0    35890 2112       4       org.apache.felix.resolver.ResolverImpl::mergeUses (495 bytes)

VM state: not at safepoint (normal execution)

VM Mutex/Monitor currently owned by a thread: None

Heap address: 0x00000000c0000000, size: 1024 MB, Compressed Oops mode: 32-bit

CDS archive(s) not mapped
Compressed class space mapped at: 0x0000000100000000-0x0000000140000000, reserved size: 1073741824
Narrow klass base: 0x0000000000000000, Narrow klass shift: 3, Narrow klass range: 0x140000000

GC Precious Log:
 CPUs: 8 total, 8 available
 Memory: 3899M
 Large Page Support: Disabled
 NUMA Support: Disabled
 Compressed Oops: Enabled (32-bit)
 Alignments: Space 512K, Generation 512K, Heap 2M
 Heap Min Capacity: 100M
 Heap Initial Capacity: 100M
 Heap Max Capacity: 1G
 Pre-touch: Disabled
 Parallel Workers: 8

Heap:
 PSYoungGen      total 29696K, used 23516K [0x00000000eab00000, 0x00000000ecc00000, 0x0000000100000000)
  eden space 25600K, 75% used [0x00000000eab00000,0x00000000ebdf96e8,0x00000000ec400000)
  from space 4096K, 99% used [0x00000000ec400000,0x00000000ec7fdd08,0x00000000ec800000)
  to   space 4096K, 0% used [0x00000000ec800000,0x00000000ec800000,0x00000000ecc00000)
 ParOldGen       total 68608K, used 5234K [0x00000000c0000000, 0x00000000c4300000, 0x00000000eab00000)
  object space 68608K, 7% used [0x00000000c0000000,0x00000000c051c900,0x00000000c4300000)
 Metaspace       used 16846K, committed 17152K, reserved 1114112K
  class space    used 1692K, committed 1856K, reserved 1048576K

Card table byte_map: [0x00000250f2de0000,0x00000250f2ff0000] _byte_map_base: 0x00000250f27e0000

Marking Bits: (ParMarkBitMap*) 0x00007ffb4451d7d0
 Begin Bits: [0x00000250f60b0000, 0x00000250f70b0000)
 End Bits:   [0x00000250f70b0000, 0x00000250f80b0000)

Polling page: 0x00000250f2bd0000

Metaspace:

Usage:
  Non-class:     14.80 MB used.
      Class:      1.65 MB used.
       Both:     16.45 MB used.

Virtual space:
  Non-class space:       64.00 MB reserved,      14.94 MB ( 23%) committed,  1 nodes.
      Class space:        1.00 GB reserved,       1.81 MB ( <1%) committed,  1 nodes.
             Both:        1.06 GB reserved,      16.75 MB (  2%) committed. 

Chunk freelists:
   Non-Class:  560.00 KB
       Class:  14.06 MB
        Both:  14.61 MB

MaxMetaspaceSize: unlimited
CompressedClassSpaceSize: 1.00 GB
Initial GC threshold: 21.00 MB
Current GC threshold: 21.00 MB
CDS: off
MetaspaceReclaimPolicy: balanced
 - commit_granule_bytes: 65536.
 - commit_granule_words: 8192.
 - virtual_space_node_default_size: 8388608.
 - enlarge_chunks_in_place: 1.
 - new_chunks_are_fully_committed: 0.
 - uncommit_free_chunks: 1.
 - use_allocation_guard: 0.
 - handle_deallocations: 1.


Internal statistics:

num_allocs_failed_limit: 0.
num_arena_births: 102.
num_arena_deaths: 0.
num_vsnodes_births: 2.
num_vsnodes_deaths: 0.
num_space_committed: 268.
num_space_uncommitted: 0.
num_chunks_returned_to_freelist: 0.
num_chunks_taken_from_freelist: 357.
num_chunk_merges: 0.
num_chunk_splits: 226.
num_chunks_enlarged: 164.
num_inconsistent_stats: 0.

CodeHeap 'non-profiled nmethods': size=120000Kb used=908Kb max_used=908Kb free=119091Kb
 bounds [0x0000025087ad0000, 0x0000025087d40000, 0x000002508f000000]
CodeHeap 'profiled nmethods': size=120000Kb used=4711Kb max_used=4711Kb free=115288Kb
 bounds [0x0000025080000000, 0x00000250804a0000, 0x0000025087530000]
CodeHeap 'non-nmethods': size=5760Kb used=1168Kb max_used=1195Kb free=4591Kb
 bounds [0x0000025087530000, 0x00000250877a0000, 0x0000025087ad0000]
 total_blobs=2866 nmethods=2405 adapters=375
 compilation: enabled
              stopped_count=0, restarted_count=0
 full_count=0

Compilation events (20 events):
Event: 35.517 Thread 0x00000250fd3aec00 2420       2       java.util.stream.ReferencePipeline$Head::<init> (8 bytes)
Event: 35.517 Thread 0x00000250fd3aec00 nmethod 2420 0x0000025080494c10 code [0x0000025080494da0, 0x0000025080494ec8]
Event: 35.517 Thread 0x00000250fd3aec00 2421       2       java.util.stream.ReferencePipeline::<init> (8 bytes)
Event: 35.518 Thread 0x00000250fd3aec00 nmethod 2421 0x0000025080494f90 code [0x0000025080495120, 0x0000025080495248]
Event: 35.519 Thread 0x00000250fd3aec00 2422       2       java.lang.AbstractStringBuilder::setLength (66 bytes)
Event: 35.519 Thread 0x00000250fd3aec00 nmethod 2422 0x0000025080495310 code [0x00000250804954e0, 0x0000025080495898]
Event: 35.519 Thread 0x00000250fd3aec00 2424       2       java.nio.file.attribute.FileTime::<init> (21 bytes)
Event: 35.519 Thread 0x00000250fd3aec00 nmethod 2424 0x0000025080495b10 code [0x0000025080495ca0, 0x0000025080495dd8]
Event: 35.519 Thread 0x00000250fd3aec00 2425       2       java.nio.file.attribute.FileTime::from (18 bytes)
Event: 35.520 Thread 0x00000250fd3aec00 nmethod 2425 0x0000025080495e90 code [0x0000025080496040, 0x0000025080496288]
Event: 35.520 Thread 0x00000250fd3aec00 2426       2       java.lang.String::equalsIgnoreCase (45 bytes)
Event: 35.520 Thread 0x00000250fd3aec00 nmethod 2426 0x0000025080496390 code [0x0000025080496540, 0x0000025080496708]
Event: 35.520 Thread 0x00000250fd3aec00 2429   !   2       org.eclipse.osgi.storage.BundleInfo$Generation::getRevision (17 bytes)
Event: 35.520 Thread 0x00000250fd3aec00 nmethod 2429 0x0000025080496810 code [0x00000250804969a0, 0x0000025080496b78]
Event: 35.520 Thread 0x00000250fd3aec00 2427       2       org.eclipse.osgi.framework.util.CaseInsensitiveDictionaryMap$KeyIterator::hasNext (10 bytes)
Event: 35.520 Thread 0x00000250fd3aec00 nmethod 2427 0x0000025080496c90 code [0x0000025080496e20, 0x0000025080496f48]
Event: 35.520 Thread 0x00000250fd3aec00 2428       2       java.util.stream.Sink$ChainedReference::cancellationRequested (10 bytes)
Event: 35.520 Thread 0x00000250fd3aec00 nmethod 2428 0x0000025080497010 code [0x00000250804971a0, 0x00000250804972c8]
Event: 35.521 Thread 0x00000250fd3aec00 2430       2       java.lang.String::<init> (10 bytes)
Event: 35.521 Thread 0x00000250fd3aec00 nmethod 2430 0x0000025080497390 code [0x0000025080497520, 0x0000025080497668]

GC Heap History (6 events):
Event: 2.466 GC heap before
{Heap before GC invocations=1 (full 0):
 PSYoungGen      total 29696K, used 25600K [0x00000000eab00000, 0x00000000ecc00000, 0x0000000100000000)
  eden space 25600K, 100% used [0x00000000eab00000,0x00000000ec400000,0x00000000ec400000)
  from space 4096K, 0% used [0x00000000ec800000,0x00000000ec800000,0x00000000ecc00000)
  to   space 4096K, 0% used [0x00000000ec400000,0x00000000ec400000,0x00000000ec800000)
 ParOldGen       total 68608K, used 0K [0x00000000c0000000, 0x00000000c4300000, 0x00000000eab00000)
  object space 68608K, 0% used [0x00000000c0000000,0x00000000c0000000,0x00000000c4300000)
 Metaspace       used 11120K, committed 11328K, reserved 1114112K
  class space    used 1110K, committed 1216K, reserved 1048576K
}
Event: 2.479 GC heap after
{Heap after GC invocations=1 (full 0):
 PSYoungGen      total 29696K, used 3140K [0x00000000eab00000, 0x00000000ecc00000, 0x0000000100000000)
  eden space 25600K, 0% used [0x00000000eab00000,0x00000000eab00000,0x00000000ec400000)
  from space 4096K, 76% used [0x00000000ec400000,0x00000000ec711140,0x00000000ec800000)
  to   space 4096K, 0% used [0x00000000ec800000,0x00000000ec800000,0x00000000ecc00000)
 ParOldGen       total 68608K, used 16K [0x00000000c0000000, 0x00000000c4300000, 0x00000000eab00000)
  object space 68608K, 0% used [0x00000000c0000000,0x00000000c0004000,0x00000000c4300000)
 Metaspace       used 11120K, committed 11328K, reserved 1114112K
  class space    used 1110K, committed 1216K, reserved 1048576K
}
Event: 32.705 GC heap before
{Heap before GC invocations=2 (full 0):
 PSYoungGen      total 29696K, used 28740K [0x00000000eab00000, 0x00000000ecc00000, 0x0000000100000000)
  eden space 25600K, 100% used [0x00000000eab00000,0x00000000ec400000,0x00000000ec400000)
  from space 4096K, 76% used [0x00000000ec400000,0x00000000ec711140,0x00000000ec800000)
  to   space 4096K, 0% used [0x00000000ec800000,0x00000000ec800000,0x00000000ecc00000)
 ParOldGen       total 68608K, used 16K [0x00000000c0000000, 0x00000000c4300000, 0x00000000eab00000)
  object space 68608K, 0% used [0x00000000c0000000,0x00000000c0004000,0x00000000c4300000)
 Metaspace       used 14103K, committed 14272K, reserved 1114112K
  class space    used 1409K, committed 1472K, reserved 1048576K
}
Event: 32.835 GC heap after
{Heap after GC invocations=2 (full 0):
 PSYoungGen      total 29696K, used 4066K [0x00000000eab00000, 0x00000000ecc00000, 0x0000000100000000)
  eden space 25600K, 0% used [0x00000000eab00000,0x00000000eab00000,0x00000000ec400000)
  from space 4096K, 99% used [0x00000000ec800000,0x00000000ecbf8ae0,0x00000000ecc00000)
  to   space 4096K, 0% used [0x00000000ec400000,0x00000000ec400000,0x00000000ec800000)
 ParOldGen       total 68608K, used 688K [0x00000000c0000000, 0x00000000c4300000, 0x00000000eab00000)
  object space 68608K, 1% used [0x00000000c0000000,0x00000000c00ac030,0x00000000c4300000)
 Metaspace       used 14103K, committed 14272K, reserved 1114112K
  class space    used 1409K, committed 1472K, reserved 1048576K
}
Event: 35.099 GC heap before
{Heap before GC invocations=3 (full 0):
 PSYoungGen      total 29696K, used 29666K [0x00000000eab00000, 0x00000000ecc00000, 0x0000000100000000)
  eden space 25600K, 100% used [0x00000000eab00000,0x00000000ec400000,0x00000000ec400000)
  from space 4096K, 99% used [0x00000000ec800000,0x00000000ecbf8ae0,0x00000000ecc00000)
  to   space 4096K, 0% used [0x00000000ec400000,0x00000000ec400000,0x00000000ec800000)
 ParOldGen       total 68608K, used 688K [0x00000000c0000000, 0x00000000c4300000, 0x00000000eab00000)
  object space 68608K, 1% used [0x00000000c0000000,0x00000000c00ac030,0x00000000c4300000)
 Metaspace       used 15141K, committed 15360K, reserved 1114112K
  class space    used 1493K, committed 1600K, reserved 1048576K
}
Event: 35.109 GC heap after
{Heap after GC invocations=3 (full 0):
 PSYoungGen      total 29696K, used 4087K [0x00000000eab00000, 0x00000000ecc00000, 0x0000000100000000)
  eden space 25600K, 0% used [0x00000000eab00000,0x00000000eab00000,0x00000000ec400000)
  from space 4096K, 99% used [0x00000000ec400000,0x00000000ec7fdd08,0x00000000ec800000)
  to   space 4096K, 0% used [0x00000000ec800000,0x00000000ec800000,0x00000000ecc00000)
 ParOldGen       total 68608K, used 5234K [0x00000000c0000000, 0x00000000c4300000, 0x00000000eab00000)
  object space 68608K, 7% used [0x00000000c0000000,0x00000000c051c900,0x00000000c4300000)
 Metaspace       used 15141K, committed 15360K, reserved 1114112K
  class space    used 1493K, committed 1600K, reserved 1048576K
}

Dll operation events (9 events):
Event: 0.237 Loaded shared library c:\Users\HP\.vscode\extensions\redhat.java-1.27.0-win32-x64\jre\17.0.10-win32-x86_64\bin\java.dll
Event: 0.642 Loaded shared library c:\Users\HP\.vscode\extensions\redhat.java-1.27.0-win32-x64\jre\17.0.10-win32-x86_64\bin\zip.dll
Event: 0.650 Loaded shared library C:\Users\HP\.vscode\extensions\redhat.java-1.27.0-win32-x64\jre\17.0.10-win32-x86_64\bin\instrument.dll
Event: 0.733 Loaded shared library C:\Users\HP\.vscode\extensions\redhat.java-1.27.0-win32-x64\jre\17.0.10-win32-x86_64\bin\net.dll
Event: 0.792 Loaded shared library C:\Users\HP\.vscode\extensions\redhat.java-1.27.0-win32-x64\jre\17.0.10-win32-x86_64\bin\nio.dll
Event: 0.808 Loaded shared library C:\Users\HP\.vscode\extensions\redhat.java-1.27.0-win32-x64\jre\17.0.10-win32-x86_64\bin\zip.dll
Event: 0.839 Loaded shared library C:\Users\HP\.vscode\extensions\redhat.java-1.27.0-win32-x64\jre\17.0.10-win32-x86_64\bin\jimage.dll
Event: 1.031 Loaded shared library c:\Users\HP\.vscode\extensions\redhat.java-1.27.0-win32-x64\jre\17.0.10-win32-x86_64\bin\verify.dll
Event: 35.097 Loaded shared library C:\Users\HP\AppData\Roaming\Code\User\globalStorage\redhat.java\1.27.0\config_win\org.eclipse.equinox.launcher\org.eclipse.equinox.launcher.win32.win32.x86_64_1.2.900.v20240129-1338\eclipse_11900.dll

Deoptimization events (20 events):
Event: 35.354 Thread 0x00000250fef40d90 Uncommon trap: trap_request=0xffffffc6 fr.pc=0x0000025087b959b4 relative=0x0000000000000094
Event: 35.354 Thread 0x00000250fef40d90 Uncommon trap: reason=bimorphic_or_optimized_type_check action=maybe_recompile pc=0x0000025087b959b4 method=java.util.Collections$3.hasMoreElements()Z @ 4 c2
Event: 35.354 Thread 0x00000250fef40d90 DEOPT PACKING pc=0x0000025087b959b4 sp=0x000000c6709fe550
Event: 35.354 Thread 0x00000250fef40d90 DEOPT UNPACKING pc=0x00000250875866a3 sp=0x000000c6709fe4e0 mode 2
Event: 35.354 Thread 0x00000250fef40d90 Uncommon trap: trap_request=0xffffffc6 fr.pc=0x0000025087b959b4 relative=0x0000000000000094
Event: 35.354 Thread 0x00000250fef40d90 Uncommon trap: reason=bimorphic_or_optimized_type_check action=maybe_recompile pc=0x0000025087b959b4 method=java.util.Collections$3.hasMoreElements()Z @ 4 c2
Event: 35.354 Thread 0x00000250fef40d90 DEOPT PACKING pc=0x0000025087b959b4 sp=0x000000c6709fe550
Event: 35.354 Thread 0x00000250fef40d90 DEOPT UNPACKING pc=0x00000250875866a3 sp=0x000000c6709fe4e0 mode 2
Event: 35.484 Thread 0x00000250fef40d90 Uncommon trap: trap_request=0xffffff45 fr.pc=0x0000025087af8dc8 relative=0x0000000000000048
Event: 35.484 Thread 0x00000250fef40d90 Uncommon trap: reason=unstable_if action=reinterpret pc=0x0000025087af8dc8 method=java.lang.CharacterData.of(I)Ljava/lang/CharacterData; @ 4 c2
Event: 35.484 Thread 0x00000250fef40d90 DEOPT PACKING pc=0x0000025087af8dc8 sp=0x000000c6709fd6c0
Event: 35.484 Thread 0x00000250fef40d90 DEOPT UNPACKING pc=0x00000250875866a3 sp=0x000000c6709fd658 mode 2
Event: 35.487 Thread 0x00000250fef40d90 Uncommon trap: trap_request=0xffffff45 fr.pc=0x0000025087b9acd4 relative=0x00000000000001b4
Event: 35.487 Thread 0x00000250fef40d90 Uncommon trap: reason=unstable_if action=reinterpret pc=0x0000025087b9acd4 method=java.lang.String.toCharArray()[C @ 4 c2
Event: 35.487 Thread 0x00000250fef40d90 DEOPT PACKING pc=0x0000025087b9acd4 sp=0x000000c6709fca20
Event: 35.487 Thread 0x00000250fef40d90 DEOPT UNPACKING pc=0x00000250875866a3 sp=0x000000c6709fc9c0 mode 2
Event: 35.489 Thread 0x00000250fef40d90 Uncommon trap: trap_request=0xffffff45 fr.pc=0x0000025087b882b0 relative=0x0000000000000290
Event: 35.489 Thread 0x00000250fef40d90 Uncommon trap: reason=unstable_if action=reinterpret pc=0x0000025087b882b0 method=java.io.BufferedOutputStream.write([BII)V @ 6 c2
Event: 35.489 Thread 0x00000250fef40d90 DEOPT PACKING pc=0x0000025087b882b0 sp=0x000000c6709fe1b0
Event: 35.489 Thread 0x00000250fef40d90 DEOPT UNPACKING pc=0x00000250875866a3 sp=0x000000c6709fe178 mode 2

Classes unloaded (0 events):
No events

Classes redefined (0 events):
No events

Internal exceptions (20 events):
Event: 2.224 Thread 0x00000250f3431940 Exception <a 'java/lang/ClassNotFoundException'{0x00000000ec10b688}: sun/net/www/protocol/d/Handler> (0x00000000ec10b688) 
thrown [s\src\hotspot\share\classfile\systemDictionary.cpp, line 256]
Event: 2.224 Thread 0x00000250f3431940 Exception <a 'java/lang/ClassNotFoundException'{0x00000000ec10c850}: sun/net/www/protocol/c/Handler> (0x00000000ec10c850) 
thrown [s\src\hotspot\share\classfile\systemDictionary.cpp, line 256]
Event: 2.250 Thread 0x00000250f3431940 Exception <a 'java/io/FileNotFoundException'{0x00000000ec1334f8}> (0x00000000ec1334f8) 
thrown [s\src\hotspot\share\prims\jni.cpp, line 516]
Event: 2.334 Thread 0x00000250f3431940 Implicit null exception at 0x0000025087b1cd00 to 0x0000025087b1d6e0
Event: 2.488 Thread 0x00000250f3431940 Exception <a 'java/lang/NoSuchMethodError'{0x00000000eab06020}: 'int java.lang.invoke.DirectMethodHandle$Holder.invokeStaticInit(java.lang.Object, java.lang.Object, java.lang.Object, java.lang.Object)'> (0x00000000eab06020) 
thrown [s\src\hotspot\share\interpreter\linkResolver.cpp, line 759]
Event: 2.493 Thread 0x00000250f3431940 Exception <a 'java/lang/NoSuchMethodError'{0x00000000eab10798}: 'java.lang.Object java.lang.invoke.DirectMethodHandle$Holder.invokeInterface(java.lang.Object, java.lang.Object)'> (0x00000000eab10798) 
thrown [s\src\hotspot\share\interpreter\linkResolver.cpp, line 759]
Event: 2.494 Thread 0x00000250f3431940 Exception <a 'java/lang/IncompatibleClassChangeError'{0x00000000eab13f90}: Found class java.lang.Object, but interface was expected> (0x00000000eab13f90) 
thrown [s\src\hotspot\share\interpreter\linkResolver.cpp, line 826]
Event: 2.497 Thread 0x00000250f3431940 Exception <a 'java/lang/NoSuchMethodError'{0x00000000eab18480}: 'void java.lang.invoke.DirectMethodHandle$Holder.invokeStatic(java.lang.Object, java.lang.Object)'> (0x00000000eab18480) 
thrown [s\src\hotspot\share\interpreter\linkResolver.cpp, line 759]
Event: 2.498 Thread 0x00000250f3431940 Exception <a 'java/lang/NoSuchMethodError'{0x00000000eab1bc80}: 'void java.lang.invoke.DirectMethodHandle$Holder.invokeStaticInit(java.lang.Object, java.lang.Object)'> (0x00000000eab1bc80) 
thrown [s\src\hotspot\share\interpreter\linkResolver.cpp, line 759]
Event: 2.500 Thread 0x00000250f3431940 Exception <a 'java/lang/NoSuchMethodError'{0x00000000eab23170}: 'int java.lang.invoke.DirectMethodHandle$Holder.invokeStaticInit(java.lang.Object, java.lang.Object)'> (0x00000000eab23170) 
thrown [s\src\hotspot\share\interpreter\linkResolver.cpp, line 759]
Event: 3.056 Thread 0x00000250f3431940 Exception <a 'java/lang/NoSuchMethodError'{0x00000000eb6854c0}: 'int java.lang.invoke.DirectMethodHandle$Holder.invokeSpecial(java.lang.Object, java.lang.Object, java.lang.Object)'> (0x00000000eb6854c0) 
thrown [s\src\hotspot\share\interpreter\linkResolver.cpp, line 759]
Event: 3.443 Thread 0x00000250f3431940 Exception <a 'java/lang/NoSuchMethodError'{0x00000000ebc49b68}: 'java.lang.Object java.lang.invoke.DirectMethodHandle$Holder.newInvokeSpecial(java.lang.Object, int, java.lang.Object)'> (0x00000000ebc49b68) 
thrown [s\src\hotspot\share\interpreter\linkResolver.cpp, line 759]
Event: 33.491 Thread 0x00000250fef44030 Implicit null exception at 0x0000025087b78746 to 0x0000025087b78c2c
Event: 33.961 Thread 0x00000250f3431940 Exception <a 'java/lang/UnsatisfiedLinkError'{0x00000000ec0b3938}: 'void org.eclipse.equinox.launcher.JNIBridge._update_splash()'> (0x00000000ec0b3938) 
thrown [s\src\hotspot\share\prims\nativeLookup.cpp, line 543]
Event: 33.973 Thread 0x00000250fef412a0 Exception <a 'java/lang/NoSuchMethodError'{0x00000000ec135948}: 'java.lang.Object java.lang.invoke.Invokers$Holder.invokeExact_MT(java.lang.Object, java.lang.Object, java.lang.Object, java.lang.Object, java.lang.Object, java.lang.Object)'> (0x00000000ec135948) 
thrown [s\src\hotspot\share\interpreter\linkResolver.cpp, line 759]
Event: 35.361 Thread 0x00000250fef40d90 Exception <a 'java/lang/NoSuchMethodError'{0x00000000eb97d818}: 'java.lang.Object java.lang.invoke.DirectMethodHandle$Holder.invokeStaticInit(java.lang.Object)'> (0x00000000eb97d818) 
thrown [s\src\hotspot\share\interpreter\linkResolver.cpp, line 759]
Event: 35.385 Thread 0x00000250fef40d90 Exception <a 'java/lang/NoSuchMethodError'{0x00000000eba18440}: 'java.lang.Object java.lang.invoke.DirectMethodHandle$Holder.newInvokeSpecial(java.lang.Object, java.lang.Object, int, java.lang.Object)'> (0x00000000eba18440) 
thrown [s\src\hotspot\share\interpreter\linkResolver.cpp, line 759]
Event: 35.386 Thread 0x00000250fef40d90 Exception <a 'java/lang/NoSuchMethodError'{0x00000000eba1c728}: 'java.lang.Object java.lang.invoke.DirectMethodHandle$Holder.invokeSpecial(java.lang.Object, java.lang.Object, java.lang.Object, int, java.lang.Object)'> (0x00000000eba1c728) 
thrown [s\src\hotspot\share\interpreter\linkResolver.cpp, line 759]
Event: 35.428 Thread 0x00000250fef40d90 Exception <a 'java/lang/NoSuchMethodError'{0x00000000ebb2dc10}: 'void java.lang.invoke.DirectMethodHandle$Holder.invokeSpecial(java.lang.Object, java.lang.Object, java.lang.Object)'> (0x00000000ebb2dc10) 
thrown [s\src\hotspot\share\interpreter\linkResolver.cpp, line 759]
Event: 35.450 Thread 0x00000250fef40d90 Exception <a 'java/lang/ClassNotFoundException'{0x00000000ebb9ac78}: sun/util/logging/resources/spi/loggingProvider> (0x00000000ebb9ac78) 
thrown [s\src\hotspot\share\classfile\systemDictionary.cpp, line 256]

VM Operations (20 events):
Event: 33.563 Executing VM operation: ICBufferFull
Event: 33.563 Executing VM operation: ICBufferFull done
Event: 33.687 Executing VM operation: HandshakeAllThreads
Event: 33.687 Executing VM operation: HandshakeAllThreads done
Event: 33.737 Executing VM operation: HandshakeAllThreads
Event: 33.737 Executing VM operation: HandshakeAllThreads done
Event: 33.965 Executing VM operation: HandshakeAllThreads
Event: 33.965 Executing VM operation: HandshakeAllThreads done
Event: 34.083 Executing VM operation: HandshakeAllThreads
Event: 34.083 Executing VM operation: HandshakeAllThreads done
Event: 34.095 Executing VM operation: ParallelGCFailedAllocation
Event: 35.111 Executing VM operation: ParallelGCFailedAllocation done
Event: 35.220 Executing VM operation: HandshakeAllThreads
Event: 35.220 Executing VM operation: HandshakeAllThreads done
Event: 35.486 Executing VM operation: HandshakeAllThreads
Event: 35.486 Executing VM operation: HandshakeAllThreads done
Event: 35.493 Executing VM operation: HandshakeAllThreads
Event: 35.493 Executing VM operation: HandshakeAllThreads done
Event: 35.507 Executing VM operation: HandshakeAllThreads
Event: 35.507 Executing VM operation: HandshakeAllThreads done

Events (20 events):
Event: 35.478 loading class java/util/function/IntConsumer
Event: 35.479 loading class java/util/function/IntConsumer done
Event: 35.479 loading class java/util/stream/Sink$OfInt done
Event: 35.479 loading class java/util/stream/FindOps$FindSink$OfInt done
Event: 35.479 loading class java/util/OptionalInt
Event: 35.479 loading class java/util/OptionalInt done
Event: 35.481 loading class java/util/stream/IntPipeline$10$1
Event: 35.482 loading class java/util/stream/Sink$ChainedInt
Event: 35.482 loading class java/util/stream/Sink$ChainedInt done
Event: 35.483 loading class java/util/stream/IntPipeline$10$1 done
Event: 35.484 loading class java/lang/StringUTF16$CharsSpliterator
Event: 35.484 loading class java/lang/StringUTF16$CharsSpliterator done
Event: 35.484 loading class java/lang/CharacterData00
Event: 35.486 loading class java/lang/CharacterData00 done
Event: 35.488 loading class java/time/LocalTime$1
Event: 35.489 loading class java/time/LocalTime$1 done
Event: 35.525 loading class java/nio/file/StandardCopyOption
Event: 35.525 loading class java/nio/file/StandardCopyOption done
Event: 35.530 loading class sun/nio/fs/WindowsFileCopy
Event: 35.531 loading class sun/nio/fs/WindowsFileCopy done


Dynamic libraries:
0x00007ff7ecda0000 - 0x00007ff7ecdae000 	c:\Users\HP\.vscode\extensions\redhat.java-1.27.0-win32-x64\jre\17.0.10-win32-x86_64\bin\java.exe
0x00007ffbcea90000 - 0x00007ffbceca7000 	C:\WINDOWS\SYSTEM32\ntdll.dll
0x00007ffbccec0000 - 0x00007ffbccf84000 	C:\WINDOWS\System32\KERNEL32.DLL
0x00007ffbcc150000 - 0x00007ffbcc4f6000 	C:\WINDOWS\System32\KERNELBASE.dll
0x00007ffbc8d90000 - 0x00007ffbc8e27000 	C:\WINDOWS\SYSTEM32\apphelp.dll
0x00007ffbcc030000 - 0x00007ffbcc141000 	C:\WINDOWS\System32\ucrtbase.dll
0x00007ffbc65b0000 - 0x00007ffbc65cb000 	c:\Users\HP\.vscode\extensions\redhat.java-1.27.0-win32-x64\jre\17.0.10-win32-x86_64\bin\VCRUNTIME140.dll
0x00007ffbc6a80000 - 0x00007ffbc6a97000 	c:\Users\HP\.vscode\extensions\redhat.java-1.27.0-win32-x64\jre\17.0.10-win32-x86_64\bin\jli.dll
0x00007ffbcdb60000 - 0x00007ffbcdd0e000 	C:\WINDOWS\System32\USER32.dll
0x00007ffbaad60000 - 0x00007ffbaaff3000 	C:\WINDOWS\WinSxS\amd64_microsoft.windows.common-controls_6595b64144ccf1df_6.0.22621.2506_none_270c5ae97388e100\COMCTL32.dll
0x00007ffbcc500000 - 0x00007ffbcc526000 	C:\WINDOWS\System32\win32u.dll
0x00007ffbcd1e0000 - 0x00007ffbcd287000 	C:\WINDOWS\System32\msvcrt.dll
0x00007ffbce800000 - 0x00007ffbce829000 	C:\WINDOWS\System32\GDI32.dll
0x00007ffbcbf10000 - 0x00007ffbcc028000 	C:\WINDOWS\System32\gdi32full.dll
0x00007ffbcc5a0000 - 0x00007ffbcc63a000 	C:\WINDOWS\System32\msvcp_win.dll
0x00007ffbccd90000 - 0x00007ffbccdc1000 	C:\WINDOWS\System32\IMM32.DLL
0x00007ffbc6a70000 - 0x00007ffbc6a7c000 	c:\Users\HP\.vscode\extensions\redhat.java-1.27.0-win32-x64\jre\17.0.10-win32-x86_64\bin\vcruntime140_1.dll
0x00007ffb89c20000 - 0x00007ffb89cad000 	c:\Users\HP\.vscode\extensions\redhat.java-1.27.0-win32-x64\jre\17.0.10-win32-x86_64\bin\msvcp140.dll
0x00007ffb43980000 - 0x00007ffb445e2000 	c:\Users\HP\.vscode\extensions\redhat.java-1.27.0-win32-x64\jre\17.0.10-win32-x86_64\bin\server\jvm.dll
0x00007ffbcd340000 - 0x00007ffbcd3f3000 	C:\WINDOWS\System32\ADVAPI32.dll
0x00007ffbcd290000 - 0x00007ffbcd338000 	C:\WINDOWS\System32\sechost.dll
0x00007ffbcc640000 - 0x00007ffbcc668000 	C:\WINDOWS\System32\bcrypt.dll
0x00007ffbcda40000 - 0x00007ffbcdb57000 	C:\WINDOWS\System32\RPCRT4.dll
0x00007ffbc5b10000 - 0x00007ffbc5b1a000 	C:\WINDOWS\SYSTEM32\VERSION.dll
0x00007ffbc5ea0000 - 0x00007ffbc5ed4000 	C:\WINDOWS\SYSTEM32\WINMM.dll
0x00007ffbcb640000 - 0x00007ffbcb68d000 	C:\WINDOWS\SYSTEM32\POWRPROF.dll
0x00007ffbb2260000 - 0x00007ffbb2269000 	C:\WINDOWS\SYSTEM32\WSOCK32.dll
0x00007ffbccd10000 - 0x00007ffbccd81000 	C:\WINDOWS\System32\ws2_32.DLL
0x00007ffbcb620000 - 0x00007ffbcb633000 	C:\WINDOWS\SYSTEM32\UMPDC.dll
0x00007ffbcae00000 - 0x00007ffbcae18000 	C:\WINDOWS\SYSTEM32\kernel.appcore.dll
0x00007ffbc47d0000 - 0x00007ffbc47da000 	c:\Users\HP\.vscode\extensions\redhat.java-1.27.0-win32-x64\jre\17.0.10-win32-x86_64\bin\jimage.dll
0x00007ffbc9750000 - 0x00007ffbc9983000 	C:\WINDOWS\SYSTEM32\DBGHELP.DLL
0x00007ffbcc980000 - 0x00007ffbccd09000 	C:\WINDOWS\System32\combase.dll
0x00007ffbcde20000 - 0x00007ffbcdef7000 	C:\WINDOWS\System32\OLEAUT32.dll
0x00007ffbbe110000 - 0x00007ffbbe142000 	C:\WINDOWS\SYSTEM32\dbgcore.DLL
0x00007ffbcbe90000 - 0x00007ffbcbf0a000 	C:\WINDOWS\System32\bcryptPrimitives.dll
0x00007ffbc4750000 - 0x00007ffbc475e000 	c:\Users\HP\.vscode\extensions\redhat.java-1.27.0-win32-x64\jre\17.0.10-win32-x86_64\bin\instrument.dll
0x00007ffbc46d0000 - 0x00007ffbc46f5000 	c:\Users\HP\.vscode\extensions\redhat.java-1.27.0-win32-x64\jre\17.0.10-win32-x86_64\bin\java.dll
0x00007ffbc4730000 - 0x00007ffbc4748000 	c:\Users\HP\.vscode\extensions\redhat.java-1.27.0-win32-x64\jre\17.0.10-win32-x86_64\bin\zip.dll
0x00007ffbcdf00000 - 0x00007ffbce75a000 	C:\WINDOWS\System32\SHELL32.dll
0x00007ffbc9d20000 - 0x00007ffbca616000 	C:\WINDOWS\SYSTEM32\windows.storage.dll
0x00007ffbc9be0000 - 0x00007ffbc9d1e000 	C:\WINDOWS\SYSTEM32\wintypes.dll
0x00007ffbcdd10000 - 0x00007ffbcde03000 	C:\WINDOWS\System32\SHCORE.dll
0x00007ffbce780000 - 0x00007ffbce7de000 	C:\WINDOWS\System32\shlwapi.dll
0x00007ffbcbd00000 - 0x00007ffbcbd26000 	C:\WINDOWS\SYSTEM32\profapi.dll
0x00007ffbbd230000 - 0x00007ffbbd249000 	C:\Users\HP\.vscode\extensions\redhat.java-1.27.0-win32-x64\jre\17.0.10-win32-x86_64\bin\net.dll
0x00007ffbc6230000 - 0x00007ffbc6367000 	C:\WINDOWS\SYSTEM32\WINHTTP.dll
0x00007ffbcb280000 - 0x00007ffbcb2e9000 	C:\WINDOWS\system32\mswsock.dll
0x00007ffbbd210000 - 0x00007ffbbd226000 	C:\Users\HP\.vscode\extensions\redhat.java-1.27.0-win32-x64\jre\17.0.10-win32-x86_64\bin\nio.dll
0x00007ffbc45c0000 - 0x00007ffbc45d0000 	c:\Users\HP\.vscode\extensions\redhat.java-1.27.0-win32-x64\jre\17.0.10-win32-x86_64\bin\verify.dll
0x00007ffb91cd0000 - 0x00007ffb91d0e000 	C:\Users\HP\AppData\Roaming\Code\User\globalStorage\redhat.java\1.27.0\config_win\org.eclipse.equinox.launcher\org.eclipse.equinox.launcher.win32.win32.x86_64_1.2.900.v20240129-1338\eclipse_11900.dll
0x00007ffbce8b0000 - 0x00007ffbcea50000 	C:\WINDOWS\System32\ole32.dll

dbghelp: loaded successfully - version: 4.0.5 - missing functions: none
symbol engine: initialized successfully - sym options: 0x614 - pdb path: .;c:\Users\HP\.vscode\extensions\redhat.java-1.27.0-win32-x64\jre\17.0.10-win32-x86_64\bin;C:\WINDOWS\SYSTEM32;C:\WINDOWS\WinSxS\amd64_microsoft.windows.common-controls_6595b64144ccf1df_6.0.22621.2506_none_270c5ae97388e100;c:\Users\HP\.vscode\extensions\redhat.java-1.27.0-win32-x64\jre\17.0.10-win32-x86_64\bin\server;C:\Users\HP\AppData\Roaming\Code\User\globalStorage\redhat.java\1.27.0\config_win\org.eclipse.equinox.launcher\org.eclipse.equinox.launcher.win32.win32.x86_64_1.2.900.v20240129-1338

VM Arguments:
jvm_args: --add-modules=ALL-SYSTEM --add-opens=java.base/java.util=ALL-UNNAMED --add-opens=java.base/java.lang=ALL-UNNAMED --add-opens=java.base/sun.nio.fs=ALL-UNNAMED -Declipse.application=org.eclipse.jdt.ls.core.id1 -Dosgi.bundles.defaultStartLevel=4 -Declipse.product=org.eclipse.jdt.ls.core.product -Djava.import.generatesMetadataFilesAtProjectRoot=false -DDetectVMInstallationsJob.disabled=true -Dfile.encoding=utf8 -XX:+UseParallelGC -XX:GCTimeRatio=4 -XX:AdaptiveSizePolicyWeight=90 -Dsun.zip.disableMemoryMapping=true -Xmx1G -Xms100m -Xlog:disable -javaagent:c:\Users\HP\.vscode\extensions\redhat.java-1.27.0-win32-x64\lombok\lombok-1.18.31.jar -XX:+HeapDumpOnOutOfMemoryError -XX:HeapDumpPath=c:\Users\HP\AppData\Roaming\Code\User\workspaceStorage\33794f0b901246631386b9e0ac989ecd\redhat.java -Daether.dependencyCollector.impl=bf 
java_command: c:\Users\HP\.vscode\extensions\redhat.java-1.27.0-win32-x64\server\plugins\org.eclipse.equinox.launcher_1.6.700.v20231214-2017.jar -configuration c:\Users\HP\AppData\Roaming\Code\User\globalStorage\redhat.java\1.27.0\config_win -data c:\Users\HP\AppData\Roaming\Code\User\workspaceStorage\33794f0b901246631386b9e0ac989ecd\redhat.java\jdt_ws --stdio
java_class_path (initial): c:\Users\HP\.vscode\extensions\redhat.java-1.27.0-win32-x64\server\plugins\org.eclipse.equinox.launcher_1.6.700.v20231214-2017.jar
Launcher Type: SUN_STANDARD

[Global flags]
    uintx AdaptiveSizePolicyWeight                 = 90                                        {product} {command line}
     intx CICompilerCount                          = 4                                         {product} {ergonomic}
    uintx GCTimeRatio                              = 4                                         {product} {command line}
     bool HeapDumpOnOutOfMemoryError               = true                                   {manageable} {command line}
    ccstr HeapDumpPath                             = c:\Users\HP\AppData\Roaming\Code\User\workspaceStorage\33794f0b901246631386b9e0ac989ecd\redhat.java         {manageable} {command line}
   size_t InitialHeapSize                          = 104857600                                 {product} {command line}
   size_t MaxHeapSize                              = 1073741824                                {product} {command line}
   size_t MaxNewSize                               = 357564416                                 {product} {ergonomic}
   size_t MinHeapDeltaBytes                        = 524288                                    {product} {ergonomic}
   size_t MinHeapSize                              = 104857600                                 {product} {command line}
   size_t NewSize                                  = 34603008                                  {product} {ergonomic}
    uintx NonNMethodCodeHeapSize                   = 5839372                                {pd product} {ergonomic}
    uintx NonProfiledCodeHeapSize                  = 122909434                              {pd product} {ergonomic}
   size_t OldSize                                  = 70254592                                  {product} {ergonomic}
    uintx ProfiledCodeHeapSize                     = 122909434                              {pd product} {ergonomic}
    uintx ReservedCodeCacheSize                    = 251658240                              {pd product} {ergonomic}
     bool SegmentedCodeCache                       = true                                      {product} {ergonomic}
   size_t SoftMaxHeapSize                          = 1073741824                             {manageable} {ergonomic}
     bool UseCompressedClassPointers               = true                           {product lp64_product} {ergonomic}
     bool UseCompressedOops                        = true                           {product lp64_product} {ergonomic}
     bool UseLargePagesIndividualAllocation        = false                                  {pd product} {ergonomic}
     bool UseParallelGC                            = true                                      {product} {command line}

Logging:
Log output configuration:
 #0: stdout all=off uptime,level,tags
 #1: stderr all=off uptime,level,tags

Environment Variables:
PATH=C:\Users\HP\.vscode;C:\Program Files\nodejs;C:\Program Files (x86)\Java\jre1.8.0_333\bin;C:\Users\HP\AppData\Local\Android\Sdk;C:\Program Files\Java\jdk-18.0.1.1\bin;C:\Program Files\Git\cmd;C:\WINDOWS\system32;C:\WINDOWS;C:\WINDOWS\System32\Wbem;C:\WINDOWS\System32\WindowsPowerShell\v1.0\;C:\WINDOWS\System32\OpenSSH\;C:\Program Files\dotnet\;C:\Program Files\nodejs\;C:\Program Files (x86)\Microsoft SQL Server\160\DTS\Binn\;C:\Program Files\Azure Data Studio\bin;C:\Program Files (x86)\Microsoft SQL Server\160\Tools\Binn\;C:\Program Files\Microsoft SQL Server\160\Tools\Binn\;C:\Program Files\Microsoft SQL Server\Client SDK\ODBC\170\Tools\Binn\;C:\Program Files\Microsoft SQL Server\160\DTS\Binn\;C:\Users\HP\.vscode;C:\Program Files\nodejs;C:\Program Files (x86)\Java\jre1.8.0_333\bin;C:\Users\HP\AppData\Local\Android\Sdk;C:\Program Files\Java\jdk-18.0.1.1\bin;C:\Users\HP\AppData\Local\Programs\Microsoft VS Code\bin;C:\Users\HP\AppData\Local\Microsoft\WindowsApps;C:\Program Files\dotnet\;C:\Users\HP\AppData\Roaming\npm;C:\Program Files\Azure Data Studio\bin;C:\Users\HP\.dotnet\tools
USERNAME=HP
OS=Windows_NT
PROCESSOR_IDENTIFIER=Intel64 Family 6 Model 142 Stepping 12, GenuineIntel
TMP=C:\Users\HP\AppData\Local\Temp
TEMP=C:\Users\HP\AppData\Local\Temp



Periodic native trim disabled


---------------  S Y S T E M  ---------------

OS:
 Windows 11 , 64 bit Build 22621 (10.0.22621.2506)
OS uptime: 1 days 1:30 hours

CPU: total 8 (initial active 8) (4 cores per cpu, 2 threads per core) family 6 model 142 stepping 12 microcode 0xde, cx8, cmov, fxsr, ht, mmx, 3dnowpref, sse, sse2, sse3, ssse3, sse4.1, sse4.2, popcnt, lzcnt, tsc, tscinvbit, avx, avx2, aes, erms, clmul, bmi1, bmi2, adx, fma, vzeroupper, clflush, clflushopt
Processor Information for all 8 processors :
  Max Mhz: 2112, Current Mhz: 1609, Mhz Limit: 1605

Memory: 4k page, system-wide physical 3899M (142M free)
TotalPageFile size 15675M (AvailPageFile size 18M)
current process WorkingSet (physical memory assigned to process): 95M, peak: 95M
current process commit charge ("private bytes"): 222M, peak: 222M

vm_info: OpenJDK 64-Bit Server VM (17.0.10+7) for windows-amd64 JRE (17.0.10+7), built on Jan 16 2024 23:25:11 by "admin" with MS VC++ 16.10 / 16.11 (VS2019)

END.
