#
# There is insufficient memory for the Java Runtime Environment to continue.
# Native memory allocation (malloc) failed to allocate 32744 bytes for ChunkPool::allocate
# Possible reasons:
#   The system is out of physical RAM or swap space
#   The process is running with CompressedOops enabled, and the Java Heap may be blocking the growth of the native heap
# Possible solutions:
#   Reduce memory load on the system
#   Increase physical memory or swap space
#   Check if swap backing store is full
#   Decrease Java heap size (-Xmx/-Xms)
#   Decrease number of Java threads
#   Decrease Java thread stack sizes (-Xss)
#   Set larger code cache with -XX:ReservedCodeCacheSize=
#   JVM is running with Unscaled Compressed Oops mode in which the Java heap is
#     placed in the first 4GB address space. The Java Heap base address is the
#     maximum limit for the native heap growth. Please use -XX:HeapBaseMinAddress
#     to set the Java Heap base and to place the Java Heap above 4GB virtual address.
# This output file may be truncated or incomplete.
#
#  Out of Memory Error (arena.cpp:79), pid=12540, tid=18644
#
# JRE version: OpenJDK Runtime Environment Temurin-17.0.10+7 (17.0.10+7) (build 17.0.10+7)
# Java VM: OpenJDK 64-Bit Server VM Temurin-17.0.10+7 (17.0.10+7, mixed mode, tiered, compressed oops, compressed class ptrs, parallel gc, windows-amd64)
# No core dump will be written. Minidumps are not enabled by default on client versions of Windows
#

---------------  S U M M A R Y ------------

Command Line: --add-modules=ALL-SYSTEM --add-opens=java.base/java.util=ALL-UNNAMED --add-opens=java.base/java.lang=ALL-UNNAMED --add-opens=java.base/sun.nio.fs=ALL-UNNAMED -Declipse.application=org.eclipse.jdt.ls.core.id1 -Dosgi.bundles.defaultStartLevel=4 -Declipse.product=org.eclipse.jdt.ls.core.product -Djava.import.generatesMetadataFilesAtProjectRoot=false -DDetectVMInstallationsJob.disabled=true -Dfile.encoding=utf8 -XX:+UseParallelGC -XX:GCTimeRatio=4 -XX:AdaptiveSizePolicyWeight=90 -Dsun.zip.disableMemoryMapping=true -Xmx1G -Xms100m -Xlog:disable -javaagent:c:\Users\HP\.vscode\extensions\redhat.java-1.27.0-win32-x64\lombok\lombok-1.18.31.jar c:\Users\HP\.vscode\extensions\redhat.java-1.27.0-win32-x64\server\plugins\org.eclipse.equinox.launcher_1.6.700.v20231214-2017.jar -configuration c:\Users\HP\AppData\Roaming\Code\User\globalStorage\redhat.java\1.27.0\config_ss_win -data c:\Users\HP\AppData\Roaming\Code\User\workspaceStorage\33794f0b901246631386b9e0ac989ecd\redhat.java\ss_ws --stdio

Host: Intel(R) Core(TM) i5-10210U CPU @ 1.60GHz, 8 cores, 3G,  Windows 11 , 64 bit Build 22621 (10.0.22621.2506)
Time: Tue Feb  6 00:53:43 2024 India Standard Time elapsed time: 8.715303 seconds (0d 0h 0m 8s)

---------------  T H R E A D  ---------------

Current thread (0x000001e87d79d940):  JavaThread "C1 CompilerThread0" daemon [_thread_in_native, id=18644, stack(0x0000009e67600000,0x0000009e67700000)]


Current CompileTask:
C1:   8716 1392       3       java.net.URL::<init> (438 bytes)

Stack: [0x0000009e67600000,0x0000009e67700000]
Native frames: (J=compiled Java code, j=interpreted, Vv=VM code, C=native code)
V  [jvm.dll+0x67d2c9]
V  [jvm.dll+0x834afa]
V  [jvm.dll+0x8365be]
V  [jvm.dll+0x836c23]
V  [jvm.dll+0x2477ff]
V  [jvm.dll+0xac711]
V  [jvm.dll+0xacb5c]
V  [jvm.dll+0x16ca37]
V  [jvm.dll+0x162662]
V  [jvm.dll+0x15f60e]
V  [jvm.dll+0x14d7b0]
V  [jvm.dll+0x1362e7]
V  [jvm.dll+0x135c7f]
V  [jvm.dll+0x135eb6]
V  [jvm.dll+0x13534a]
V  [jvm.dll+0x137001]
V  [jvm.dll+0x2290de]
V  [jvm.dll+0x2272ac]
V  [jvm.dll+0x7e9bb7]
V  [jvm.dll+0x7e3fba]
V  [jvm.dll+0x67c1b5]
C  [ucrtbase.dll+0x29363]
C  [KERNEL32.DLL+0x1257d]
C  [ntdll.dll+0x5aa58]


---------------  P R O C E S S  ---------------

Threads class SMR info:
_java_thread_list=0x000001e813533fc0, length=19, elements={
0x000001e8769d1880, 0x000001e87e806390, 0x000001e87e8098e0, 0x000001e87d794600,
0x000001e87d795190, 0x000001e87d796c60, 0x000001e87e83acb0, 0x000001e87d79a880,
0x000001e87d79d940, 0x000001e87d79e250, 0x000001e876a312a0, 0x000001e87eb9a410,
0x000001e813671780, 0x000001e813517a00, 0x000001e8135182f0, 0x000001e8135187d0,
0x000001e8135191e0, 0x000001e8135196c0, 0x000001e813556fa0
}

Java Threads: ( => current thread )
  0x000001e8769d1880 JavaThread "main" [_thread_in_native, id=12640, stack(0x0000009e66c00000,0x0000009e66d00000)]
  0x000001e87e806390 JavaThread "Reference Handler" daemon [_thread_blocked, id=14624, stack(0x0000009e66f00000,0x0000009e67000000)]
  0x000001e87e8098e0 JavaThread "Finalizer" daemon [_thread_blocked, id=10732, stack(0x0000009e67000000,0x0000009e67100000)]
  0x000001e87d794600 JavaThread "Signal Dispatcher" daemon [_thread_blocked, id=12740, stack(0x0000009e67100000,0x0000009e67200000)]
  0x000001e87d795190 JavaThread "Attach Listener" daemon [_thread_blocked, id=16760, stack(0x0000009e67200000,0x0000009e67300000)]
  0x000001e87d796c60 JavaThread "Service Thread" daemon [_thread_blocked, id=18224, stack(0x0000009e67300000,0x0000009e67400000)]
  0x000001e87e83acb0 JavaThread "Monitor Deflation Thread" daemon [_thread_blocked, id=5192, stack(0x0000009e67400000,0x0000009e67500000)]
  0x000001e87d79a880 JavaThread "C2 CompilerThread0" daemon [_thread_blocked, id=14900, stack(0x0000009e67500000,0x0000009e67600000)]
=>0x000001e87d79d940 JavaThread "C1 CompilerThread0" daemon [_thread_in_native, id=18644, stack(0x0000009e67600000,0x0000009e67700000)]
  0x000001e87d79e250 JavaThread "Sweeper thread" daemon [_thread_blocked, id=10104, stack(0x0000009e67700000,0x0000009e67800000)]
  0x000001e876a312a0 JavaThread "Common-Cleaner" daemon [_thread_blocked, id=11480, stack(0x0000009e67800000,0x0000009e67900000)]
  0x000001e87eb9a410 JavaThread "Notification Thread" daemon [_thread_blocked, id=16080, stack(0x0000009e67900000,0x0000009e67a00000)]
  0x000001e813671780 JavaThread "Equinox resolver thread - Equinox Container: fdd3a95c-2cca-4f8f-b0da-8d6c9eb270d8" daemon [_thread_blocked, id=15176, stack(0x0000009e68100000,0x0000009e68200000)]
  0x000001e813517a00 JavaThread "Equinox resolver thread - Equinox Container: fdd3a95c-2cca-4f8f-b0da-8d6c9eb270d8" daemon [_thread_blocked, id=17972, stack(0x0000009e68200000,0x0000009e68300000)]
  0x000001e8135182f0 JavaThread "Equinox resolver thread - Equinox Container: fdd3a95c-2cca-4f8f-b0da-8d6c9eb270d8" daemon [_thread_blocked, id=9184, stack(0x0000009e68300000,0x0000009e68400000)]
  0x000001e8135187d0 JavaThread "Equinox resolver thread - Equinox Container: fdd3a95c-2cca-4f8f-b0da-8d6c9eb270d8" daemon [_thread_blocked, id=18836, stack(0x0000009e68400000,0x0000009e68500000)]
  0x000001e8135191e0 JavaThread "Equinox resolver thread - Equinox Container: fdd3a95c-2cca-4f8f-b0da-8d6c9eb270d8" daemon [_thread_blocked, id=17116, stack(0x0000009e68500000,0x0000009e68600000)]
  0x000001e8135196c0 JavaThread "Equinox resolver thread - Equinox Container: fdd3a95c-2cca-4f8f-b0da-8d6c9eb270d8" daemon [_thread_blocked, id=1840, stack(0x0000009e68600000,0x0000009e68700000)]
  0x000001e813556fa0 JavaThread "Active Thread: Equinox Container: fdd3a95c-2cca-4f8f-b0da-8d6c9eb270d8" [_thread_blocked, id=17356, stack(0x0000009e68700000,0x0000009e68800000)]

Other Threads:
  0x000001e876a6e930 VMThread "VM Thread" [stack: 0x0000009e66e00000,0x0000009e66f00000] [id=19096]
  0x000001e87ea738d0 WatcherThread [stack: 0x0000009e67a00000,0x0000009e67b00000] [id=15616]
  0x000001e8769e60f0 GCTaskThread "GC Thread#0" [stack: 0x0000009e66d00000,0x0000009e66e00000] [id=15664]
  0x000001e8133af850 GCTaskThread "GC Thread#1" [stack: 0x0000009e67b00000,0x0000009e67c00000] [id=17040]
  0x000001e813175450 GCTaskThread "GC Thread#2" [stack: 0x0000009e67c00000,0x0000009e67d00000] [id=17268]
  0x000001e813175710 GCTaskThread "GC Thread#3" [stack: 0x0000009e67d00000,0x0000009e67e00000] [id=7824]
  0x000001e8132251a0 GCTaskThread "GC Thread#4" [stack: 0x0000009e67e00000,0x0000009e67f00000] [id=3888]
  0x000001e813225460 GCTaskThread "GC Thread#5" [stack: 0x0000009e67f00000,0x0000009e68000000] [id=15080]
  0x000001e813225720 GCTaskThread "GC Thread#6" [stack: 0x0000009e68000000,0x0000009e68100000] [id=13060]

Threads with active compile tasks:
C1 CompilerThread0     8770 1392       3       java.net.URL::<init> (438 bytes)

VM state: not at safepoint (normal execution)

VM Mutex/Monitor currently owned by a thread: None

Heap address: 0x00000000c0000000, size: 1024 MB, Compressed Oops mode: 32-bit

CDS archive(s) not mapped
Compressed class space mapped at: 0x0000000100000000-0x0000000140000000, reserved size: 1073741824
Narrow klass base: 0x0000000000000000, Narrow klass shift: 3, Narrow klass range: 0x140000000

GC Precious Log:
 CPUs: 8 total, 8 available
 Memory: 3899M
 Large Page Support: Disabled
 NUMA Support: Disabled
 Compressed Oops: Enabled (32-bit)
 Alignments: Space 512K, Generation 512K, Heap 2M
 Heap Min Capacity: 100M
 Heap Initial Capacity: 100M
 Heap Max Capacity: 1G
 Pre-touch: Disabled
 Parallel Workers: 8

Heap:
 PSYoungGen      total 29696K, used 23216K [0x00000000eab00000, 0x00000000ecc00000, 0x0000000100000000)
  eden space 25600K, 78% used [0x00000000eab00000,0x00000000ebe98ac8,0x00000000ec400000)
  from space 4096K, 76% used [0x00000000ec400000,0x00000000ec7135b8,0x00000000ec800000)
  to   space 4096K, 0% used [0x00000000ec800000,0x00000000ec800000,0x00000000ecc00000)
 ParOldGen       total 68608K, used 0K [0x00000000c0000000, 0x00000000c4300000, 0x00000000eab00000)
  object space 68608K, 0% used [0x00000000c0000000,0x00000000c0000000,0x00000000c4300000)
 Metaspace       used 13975K, committed 14144K, reserved 1114112K
  class space    used 1402K, committed 1472K, reserved 1048576K

Card table byte_map: [0x000001e87b010000,0x000001e87b220000] _byte_map_base: 0x000001e87aa10000

Marking Bits: (ParMarkBitMap*) 0x00007ffb4451d7d0
 Begin Bits: [0x000001e87b380000, 0x000001e87c380000)
 End Bits:   [0x000001e87c380000, 0x000001e87d380000)

Polling page: 0x000001e876a70000

Metaspace:

Usage:
  Non-class:     12.28 MB used.
      Class:      1.37 MB used.
       Both:     13.65 MB used.

Virtual space:
  Non-class space:       64.00 MB reserved,      12.38 MB ( 19%) committed,  1 nodes.
      Class space:        1.00 GB reserved,       1.44 MB ( <1%) committed,  1 nodes.
             Both:        1.06 GB reserved,      13.81 MB (  1%) committed. 

Chunk freelists:
   Non-Class:  3.19 MB
       Class:  14.45 MB
        Both:  17.64 MB

MaxMetaspaceSize: unlimited
CompressedClassSpaceSize: 1.00 GB
Initial GC threshold: 21.00 MB
Current GC threshold: 21.00 MB
CDS: off
MetaspaceReclaimPolicy: balanced
 - commit_granule_bytes: 65536.
 - commit_granule_words: 8192.
 - virtual_space_node_default_size: 8388608.
 - enlarge_chunks_in_place: 1.
 - new_chunks_are_fully_committed: 0.
 - uncommit_free_chunks: 1.
 - use_allocation_guard: 0.
 - handle_deallocations: 1.


Internal statistics:

num_allocs_failed_limit: 0.
num_arena_births: 52.
num_arena_deaths: 0.
num_vsnodes_births: 2.
num_vsnodes_deaths: 0.
num_space_committed: 221.
num_space_uncommitted: 0.
num_chunks_returned_to_freelist: 0.
num_chunks_taken_from_freelist: 226.
num_chunk_merges: 0.
num_chunk_splits: 152.
num_chunks_enlarged: 123.
num_inconsistent_stats: 0.

CodeHeap 'non-profiled nmethods': size=120000Kb used=533Kb max_used=533Kb free=119466Kb
 bounds [0x000001e807ad0000, 0x000001e807d40000, 0x000001e80f000000]
CodeHeap 'profiled nmethods': size=120000Kb used=2595Kb max_used=2595Kb free=117404Kb
 bounds [0x000001e800000000, 0x000001e800290000, 0x000001e807530000]
CodeHeap 'non-nmethods': size=5760Kb used=1150Kb max_used=1175Kb free=4609Kb
 bounds [0x000001e807530000, 0x000001e8077a0000, 0x000001e807ad0000]
 total_blobs=1835 nmethods=1390 adapters=360
 compilation: enabled
              stopped_count=0, restarted_count=0
 full_count=0

Compilation events (20 events):
Event: 5.057 Thread 0x000001e87d79d940 nmethod 1382 0x000001e800285490 code [0x000001e800285620, 0x000001e800285768]
Event: 5.057 Thread 0x000001e87d79d940 1383       3       java.lang.AbstractStringBuilder::append (63 bytes)
Event: 5.057 Thread 0x000001e87d79d940 nmethod 1383 0x000001e800285810 code [0x000001e800285a00, 0x000001e800285f48]
Event: 5.997 Thread 0x000001e87d79a880 1384       4       sun.nio.fs.WindowsPathParser::isSlash (18 bytes)
Event: 5.998 Thread 0x000001e87d79a880 nmethod 1384 0x000001e807b54410 code [0x000001e807b54580, 0x000001e807b545f8]
Event: 6.034 Thread 0x000001e87d79d940 1385       3       org.eclipse.osgi.framework.util.SecureAction::getProperty (31 bytes)
Event: 6.035 Thread 0x000001e87d79d940 nmethod 1385 0x000001e800286090 code [0x000001e800286320, 0x000001e800286d98]
Event: 7.105 Thread 0x000001e87d79d940 1386       3       org.eclipse.osgi.internal.framework.EquinoxConfiguration$ConfigValues::internalGet (24 bytes)
Event: 7.107 Thread 0x000001e87d79d940 nmethod 1386 0x000001e800287110 code [0x000001e8002873c0, 0x000001e800287fe8]
Event: 7.107 Thread 0x000001e87d79d940 1387       3       java.util.Collections::emptyIterator (4 bytes)
Event: 7.107 Thread 0x000001e87d79d940 nmethod 1387 0x000001e800288410 code [0x000001e8002885a0, 0x000001e800288698]
Event: 7.140 Thread 0x000001e87d79a880 1388 %     4       java.lang.StringLatin1::inflate @ 3 (34 bytes)
Event: 7.149 Thread 0x000001e87d79a880 nmethod 1388% 0x000001e807b54710 code [0x000001e807b548a0, 0x000001e807b54c38]
Event: 7.422 Thread 0x000001e87d79a880 1389       4       sun.nio.fs.WindowsPathParser::isInvalidPathChar (22 bytes)
Event: 7.424 Thread 0x000001e87d79a880 nmethod 1389 0x000001e807b54d90 code [0x000001e807b54f00, 0x000001e807b55078]
Event: 7.486 Thread 0x000001e87d79a880 1390       4       java.util.Objects::requireNonNull (15 bytes)
Event: 7.487 Thread 0x000001e87d79a880 nmethod 1390 0x000001e807b55210 code [0x000001e807b55380, 0x000001e807b553f8]
Event: 8.608 Thread 0x000001e87d79d940 1391       3       java.lang.ThreadLocal$ThreadLocalMap::getEntry (42 bytes)
Event: 8.609 Thread 0x000001e87d79d940 nmethod 1391 0x000001e800288710 code [0x000001e8002888e0, 0x000001e800288cb8]
Event: 8.675 Thread 0x000001e87d79d940 1392       3       java.net.URL::<init> (438 bytes)

GC Heap History (2 events):
Event: 2.487 GC heap before
{Heap before GC invocations=1 (full 0):
 PSYoungGen      total 29696K, used 25600K [0x00000000eab00000, 0x00000000ecc00000, 0x0000000100000000)
  eden space 25600K, 100% used [0x00000000eab00000,0x00000000ec400000,0x00000000ec400000)
  from space 4096K, 0% used [0x00000000ec800000,0x00000000ec800000,0x00000000ecc00000)
  to   space 4096K, 0% used [0x00000000ec400000,0x00000000ec400000,0x00000000ec800000)
 ParOldGen       total 68608K, used 0K [0x00000000c0000000, 0x00000000c4300000, 0x00000000eab00000)
  object space 68608K, 0% used [0x00000000c0000000,0x00000000c0000000,0x00000000c4300000)
 Metaspace       used 11125K, committed 11328K, reserved 1114112K
  class space    used 1112K, committed 1216K, reserved 1048576K
}
Event: 2.505 GC heap after
{Heap after GC invocations=1 (full 0):
 PSYoungGen      total 29696K, used 3149K [0x00000000eab00000, 0x00000000ecc00000, 0x0000000100000000)
  eden space 25600K, 0% used [0x00000000eab00000,0x00000000eab00000,0x00000000ec400000)
  from space 4096K, 76% used [0x00000000ec400000,0x00000000ec7135b8,0x00000000ec800000)
  to   space 4096K, 0% used [0x00000000ec800000,0x00000000ec800000,0x00000000ecc00000)
 ParOldGen       total 68608K, used 0K [0x00000000c0000000, 0x00000000c4300000, 0x00000000eab00000)
  object space 68608K, 0% used [0x00000000c0000000,0x00000000c0000000,0x00000000c4300000)
 Metaspace       used 11125K, committed 11328K, reserved 1114112K
  class space    used 1112K, committed 1216K, reserved 1048576K
}

Dll operation events (8 events):
Event: 0.237 Loaded shared library c:\Users\HP\.vscode\extensions\redhat.java-1.27.0-win32-x64\jre\17.0.10-win32-x86_64\bin\java.dll
Event: 0.645 Loaded shared library c:\Users\HP\.vscode\extensions\redhat.java-1.27.0-win32-x64\jre\17.0.10-win32-x86_64\bin\zip.dll
Event: 0.650 Loaded shared library C:\Users\HP\.vscode\extensions\redhat.java-1.27.0-win32-x64\jre\17.0.10-win32-x86_64\bin\instrument.dll
Event: 0.733 Loaded shared library C:\Users\HP\.vscode\extensions\redhat.java-1.27.0-win32-x64\jre\17.0.10-win32-x86_64\bin\net.dll
Event: 0.792 Loaded shared library C:\Users\HP\.vscode\extensions\redhat.java-1.27.0-win32-x64\jre\17.0.10-win32-x86_64\bin\nio.dll
Event: 0.808 Loaded shared library C:\Users\HP\.vscode\extensions\redhat.java-1.27.0-win32-x64\jre\17.0.10-win32-x86_64\bin\zip.dll
Event: 0.839 Loaded shared library C:\Users\HP\.vscode\extensions\redhat.java-1.27.0-win32-x64\jre\17.0.10-win32-x86_64\bin\jimage.dll
Event: 1.032 Loaded shared library c:\Users\HP\.vscode\extensions\redhat.java-1.27.0-win32-x64\jre\17.0.10-win32-x86_64\bin\verify.dll

Deoptimization events (20 events):
Event: 2.997 Thread 0x000001e8769d1880 Uncommon trap: trap_request=0xffffffc6 fr.pc=0x000001e807afa360 relative=0x00000000000002c0
Event: 2.997 Thread 0x000001e8769d1880 Uncommon trap: reason=bimorphic_or_optimized_type_check action=maybe_recompile pc=0x000001e807afa360 method=java.util.Collections$UnmodifiableCollection$1.next()Ljava/lang/Object; @ 4 c2
Event: 2.997 Thread 0x000001e8769d1880 DEOPT PACKING pc=0x000001e807afa360 sp=0x0000009e66cf7d50
Event: 2.997 Thread 0x000001e8769d1880 DEOPT UNPACKING pc=0x000001e8075866a3 sp=0x0000009e66cf7d00 mode 2
Event: 3.107 Thread 0x000001e8769d1880 Uncommon trap: trap_request=0xffffff45 fr.pc=0x000001e807af5cc0 relative=0x00000000000002a0
Event: 3.107 Thread 0x000001e8769d1880 Uncommon trap: reason=unstable_if action=reinterpret pc=0x000001e807af5cc0 method=java.util.HashMap$HashIterator.<init>(Ljava/util/HashMap;)V @ 45 c2
Event: 3.107 Thread 0x000001e8769d1880 DEOPT PACKING pc=0x000001e807af5cc0 sp=0x0000009e66cfddf0
Event: 3.107 Thread 0x000001e8769d1880 DEOPT UNPACKING pc=0x000001e8075866a3 sp=0x0000009e66cfdd88 mode 2
Event: 3.612 Thread 0x000001e8769d1880 Uncommon trap: trap_request=0xffffffde fr.pc=0x000001e807b28e20 relative=0x00000000000009e0
Event: 3.613 Thread 0x000001e8769d1880 Uncommon trap: reason=class_check action=maybe_recompile pc=0x000001e807b28e20 method=java.util.HashMap.putVal(ILjava/lang/Object;Ljava/lang/Object;ZZ)Ljava/lang/Object; @ 253 c2
Event: 3.613 Thread 0x000001e8769d1880 DEOPT PACKING pc=0x000001e807b28e20 sp=0x0000009e66cfdaf0
Event: 3.613 Thread 0x000001e8769d1880 DEOPT UNPACKING pc=0x000001e8075866a3 sp=0x0000009e66cfda18 mode 2
Event: 3.617 Thread 0x000001e8769d1880 Uncommon trap: trap_request=0xffffffde fr.pc=0x000001e807b28e20 relative=0x00000000000009e0
Event: 3.617 Thread 0x000001e8769d1880 Uncommon trap: reason=class_check action=maybe_recompile pc=0x000001e807b28e20 method=java.util.HashMap.putVal(ILjava/lang/Object;Ljava/lang/Object;ZZ)Ljava/lang/Object; @ 253 c2
Event: 3.617 Thread 0x000001e8769d1880 DEOPT PACKING pc=0x000001e807b28e20 sp=0x0000009e66cfdaf0
Event: 3.617 Thread 0x000001e8769d1880 DEOPT UNPACKING pc=0x000001e8075866a3 sp=0x0000009e66cfda18 mode 2
Event: 3.620 Thread 0x000001e8769d1880 Uncommon trap: trap_request=0xffffffde fr.pc=0x000001e807b46e0c relative=0x000000000000094c
Event: 3.620 Thread 0x000001e8769d1880 Uncommon trap: reason=class_check action=maybe_recompile pc=0x000001e807b46e0c method=java.util.HashMap.putVal(ILjava/lang/Object;Ljava/lang/Object;ZZ)Ljava/lang/Object; @ 253 c2
Event: 3.620 Thread 0x000001e8769d1880 DEOPT PACKING pc=0x000001e807b46e0c sp=0x0000009e66cfd960
Event: 3.620 Thread 0x000001e8769d1880 DEOPT UNPACKING pc=0x000001e8075866a3 sp=0x0000009e66cfd910 mode 2

Classes unloaded (0 events):
No events

Classes redefined (0 events):
No events

Internal exceptions (20 events):
Event: 1.676 Thread 0x000001e8769d1880 Implicit null exception at 0x000001e807af3572 to 0x000001e807af3ac0
Event: 1.681 Thread 0x000001e8769d1880 Exception <a 'java/io/FileNotFoundException'{0x00000000eb8b3a88}> (0x00000000eb8b3a88) 
thrown [s\src\hotspot\share\prims\jni.cpp, line 516]
Event: 1.825 Thread 0x000001e8769d1880 Exception <a 'sun/nio/fs/WindowsException'{0x00000000eb8eb170}> (0x00000000eb8eb170) 
thrown [s\src\hotspot\share\prims\jni.cpp, line 516]
Event: 1.827 Thread 0x000001e8769d1880 Exception <a 'sun/nio/fs/WindowsException'{0x00000000eb8f55c0}> (0x00000000eb8f55c0) 
thrown [s\src\hotspot\share\prims\jni.cpp, line 516]
Event: 1.828 Thread 0x000001e8769d1880 Exception <a 'sun/nio/fs/WindowsException'{0x00000000eb8f8aa0}> (0x00000000eb8f8aa0) 
thrown [s\src\hotspot\share\prims\jni.cpp, line 516]
Event: 1.828 Thread 0x000001e8769d1880 Exception <a 'sun/nio/fs/WindowsException'{0x00000000eb8f9210}> (0x00000000eb8f9210) 
thrown [s\src\hotspot\share\prims\jni.cpp, line 516]
Event: 2.268 Thread 0x000001e8769d1880 Exception <a 'java/lang/ClassNotFoundException'{0x00000000ec101510}: sun/net/www/protocol/c/Handler> (0x00000000ec101510) 
thrown [s\src\hotspot\share\classfile\systemDictionary.cpp, line 256]
Event: 2.268 Thread 0x000001e8769d1880 Exception <a 'java/lang/ClassNotFoundException'{0x00000000ec102880}: sun/net/www/protocol/d/Handler> (0x00000000ec102880) 
thrown [s\src\hotspot\share\classfile\systemDictionary.cpp, line 256]
Event: 2.269 Thread 0x000001e8769d1880 Exception <a 'java/lang/ClassNotFoundException'{0x00000000ec103a48}: sun/net/www/protocol/c/Handler> (0x00000000ec103a48) 
thrown [s\src\hotspot\share\classfile\systemDictionary.cpp, line 256]
Event: 2.286 Thread 0x000001e8769d1880 Exception <a 'java/io/FileNotFoundException'{0x00000000ec1270a0}> (0x00000000ec1270a0) 
thrown [s\src\hotspot\share\prims\jni.cpp, line 516]
Event: 2.364 Thread 0x000001e8769d1880 Implicit null exception at 0x000001e807b1458f to 0x000001e807b14609
Event: 2.364 Thread 0x000001e8769d1880 Implicit null exception at 0x000001e807b194ec to 0x000001e807b196d4
Event: 2.482 Thread 0x000001e8769d1880 Exception <a 'java/lang/NoSuchMethodError'{0x00000000ec3f8d18}: 'int java.lang.invoke.DirectMethodHandle$Holder.invokeStaticInit(java.lang.Object, java.lang.Object, java.lang.Object, java.lang.Object)'> (0x00000000ec3f8d18) 
thrown [s\src\hotspot\share\interpreter\linkResolver.cpp, line 759]
Event: 2.507 Thread 0x000001e8769d1880 Exception <a 'java/lang/NoSuchMethodError'{0x00000000eab036e8}: 'java.lang.Object java.lang.invoke.DirectMethodHandle$Holder.invokeInterface(java.lang.Object, java.lang.Object)'> (0x00000000eab036e8) 
thrown [s\src\hotspot\share\interpreter\linkResolver.cpp, line 759]
Event: 2.507 Thread 0x000001e8769d1880 Exception <a 'java/lang/IncompatibleClassChangeError'{0x00000000eab06ee0}: Found class java.lang.Object, but interface was expected> (0x00000000eab06ee0) 
thrown [s\src\hotspot\share\interpreter\linkResolver.cpp, line 826]
Event: 2.508 Thread 0x000001e8769d1880 Exception <a 'java/lang/NoSuchMethodError'{0x00000000eab0b3d0}: 'void java.lang.invoke.DirectMethodHandle$Holder.invokeStatic(java.lang.Object, java.lang.Object)'> (0x00000000eab0b3d0) 
thrown [s\src\hotspot\share\interpreter\linkResolver.cpp, line 759]
Event: 2.510 Thread 0x000001e8769d1880 Exception <a 'java/lang/NoSuchMethodError'{0x00000000eab0ebd0}: 'void java.lang.invoke.DirectMethodHandle$Holder.invokeStaticInit(java.lang.Object, java.lang.Object)'> (0x00000000eab0ebd0) 
thrown [s\src\hotspot\share\interpreter\linkResolver.cpp, line 759]
Event: 2.512 Thread 0x000001e8769d1880 Exception <a 'java/lang/NoSuchMethodError'{0x00000000eab17400}: 'int java.lang.invoke.DirectMethodHandle$Holder.invokeStaticInit(java.lang.Object, java.lang.Object)'> (0x00000000eab17400) 
thrown [s\src\hotspot\share\interpreter\linkResolver.cpp, line 759]
Event: 3.201 Thread 0x000001e8769d1880 Exception <a 'java/lang/NoSuchMethodError'{0x00000000eb639178}: 'int java.lang.invoke.DirectMethodHandle$Holder.invokeSpecial(java.lang.Object, java.lang.Object, java.lang.Object)'> (0x00000000eb639178) 
thrown [s\src\hotspot\share\interpreter\linkResolver.cpp, line 759]
Event: 3.559 Thread 0x000001e8769d1880 Exception <a 'java/lang/NoSuchMethodError'{0x00000000ebbe4ed8}: 'java.lang.Object java.lang.invoke.DirectMethodHandle$Holder.newInvokeSpecial(java.lang.Object, int, java.lang.Object)'> (0x00000000ebbe4ed8) 
thrown [s\src\hotspot\share\interpreter\linkResolver.cpp, line 759]

VM Operations (20 events):
Event: 0.612 Executing VM operation: HandshakeAllThreads
Event: 0.612 Executing VM operation: HandshakeAllThreads done
Event: 0.870 Executing VM operation: HandshakeAllThreads
Event: 0.870 Executing VM operation: HandshakeAllThreads done
Event: 1.580 Executing VM operation: HandshakeAllThreads
Event: 1.580 Executing VM operation: HandshakeAllThreads done
Event: 1.580 Executing VM operation: Cleanup
Event: 1.582 Executing VM operation: Cleanup done
Event: 1.605 Executing VM operation: HandshakeAllThreads
Event: 1.605 Executing VM operation: HandshakeAllThreads done
Event: 2.229 Executing VM operation: HandshakeAllThreads
Event: 2.229 Executing VM operation: HandshakeAllThreads done
Event: 2.487 Executing VM operation: ParallelGCFailedAllocation
Event: 2.505 Executing VM operation: ParallelGCFailedAllocation done
Event: 3.477 Executing VM operation: HandshakeAllThreads
Event: 3.477 Executing VM operation: HandshakeAllThreads done
Event: 3.478 Executing VM operation: HandshakeAllThreads
Event: 3.478 Executing VM operation: HandshakeAllThreads done
Event: 4.481 Executing VM operation: Cleanup
Event: 4.481 Executing VM operation: Cleanup done

Events (20 events):
Event: 3.461 loading class java/lang/ApplicationShutdownHooks
Event: 3.461 loading class java/lang/ApplicationShutdownHooks done
Event: 3.461 loading class java/lang/ApplicationShutdownHooks$1
Event: 3.461 loading class java/lang/ApplicationShutdownHooks$1 done
Event: 3.469 loading class java/util/concurrent/TimeUnit$1
Event: 3.470 loading class java/util/concurrent/TimeUnit$1 done
Event: 3.470 loading class java/util/concurrent/locks/AbstractQueuedSynchronizer$ConditionNode
Event: 3.473 loading class java/util/concurrent/locks/AbstractQueuedSynchronizer$Node
Event: 3.474 loading class java/util/concurrent/locks/AbstractQueuedSynchronizer$Node done
Event: 3.474 loading class java/util/concurrent/locks/AbstractQueuedSynchronizer$ConditionNode done
Event: 3.616 loading class java/util/ConcurrentModificationException
Event: 3.616 loading class java/util/ConcurrentModificationException done
Event: 3.626 loading class java/net/ContentHandlerFactory
Event: 3.626 loading class java/net/ContentHandlerFactory done
Event: 3.630 loading class java/net/ContentHandler
Event: 3.631 loading class java/net/ContentHandler done
Event: 3.664 loading class javax/xml/parsers/ParserConfigurationException
Event: 3.664 loading class javax/xml/parsers/ParserConfigurationException done
Event: 3.675 loading class java/security/KeyStoreException
Event: 3.675 loading class java/security/KeyStoreException done


Dynamic libraries:
0x00007ff7ecda0000 - 0x00007ff7ecdae000 	c:\Users\HP\.vscode\extensions\redhat.java-1.27.0-win32-x64\jre\17.0.10-win32-x86_64\bin\java.exe
0x00007ffbcea90000 - 0x00007ffbceca7000 	C:\WINDOWS\SYSTEM32\ntdll.dll
0x00007ffbccec0000 - 0x00007ffbccf84000 	C:\WINDOWS\System32\KERNEL32.DLL
0x00007ffbcc150000 - 0x00007ffbcc4f6000 	C:\WINDOWS\System32\KERNELBASE.dll
0x00007ffbc8d90000 - 0x00007ffbc8e27000 	C:\WINDOWS\SYSTEM32\apphelp.dll
0x00007ffbcc030000 - 0x00007ffbcc141000 	C:\WINDOWS\System32\ucrtbase.dll
0x00007ffbc6a80000 - 0x00007ffbc6a97000 	c:\Users\HP\.vscode\extensions\redhat.java-1.27.0-win32-x64\jre\17.0.10-win32-x86_64\bin\jli.dll
0x00007ffbcdb60000 - 0x00007ffbcdd0e000 	C:\WINDOWS\System32\USER32.dll
0x00007ffbcc500000 - 0x00007ffbcc526000 	C:\WINDOWS\System32\win32u.dll
0x00007ffbce800000 - 0x00007ffbce829000 	C:\WINDOWS\System32\GDI32.dll
0x00007ffbcbf10000 - 0x00007ffbcc028000 	C:\WINDOWS\System32\gdi32full.dll
0x00007ffbcc5a0000 - 0x00007ffbcc63a000 	C:\WINDOWS\System32\msvcp_win.dll
0x00007ffbaad60000 - 0x00007ffbaaff3000 	C:\WINDOWS\WinSxS\amd64_microsoft.windows.common-controls_6595b64144ccf1df_6.0.22621.2506_none_270c5ae97388e100\COMCTL32.dll
0x00007ffbcd1e0000 - 0x00007ffbcd287000 	C:\WINDOWS\System32\msvcrt.dll
0x00007ffbc65b0000 - 0x00007ffbc65cb000 	c:\Users\HP\.vscode\extensions\redhat.java-1.27.0-win32-x64\jre\17.0.10-win32-x86_64\bin\VCRUNTIME140.dll
0x00007ffbccd90000 - 0x00007ffbccdc1000 	C:\WINDOWS\System32\IMM32.DLL
0x00007ffbc6a70000 - 0x00007ffbc6a7c000 	c:\Users\HP\.vscode\extensions\redhat.java-1.27.0-win32-x64\jre\17.0.10-win32-x86_64\bin\vcruntime140_1.dll
0x00007ffb89c20000 - 0x00007ffb89cad000 	c:\Users\HP\.vscode\extensions\redhat.java-1.27.0-win32-x64\jre\17.0.10-win32-x86_64\bin\msvcp140.dll
0x00007ffb43980000 - 0x00007ffb445e2000 	c:\Users\HP\.vscode\extensions\redhat.java-1.27.0-win32-x64\jre\17.0.10-win32-x86_64\bin\server\jvm.dll
0x00007ffbcd340000 - 0x00007ffbcd3f3000 	C:\WINDOWS\System32\ADVAPI32.dll
0x00007ffbcd290000 - 0x00007ffbcd338000 	C:\WINDOWS\System32\sechost.dll
0x00007ffbcc640000 - 0x00007ffbcc668000 	C:\WINDOWS\System32\bcrypt.dll
0x00007ffbcda40000 - 0x00007ffbcdb57000 	C:\WINDOWS\System32\RPCRT4.dll
0x00007ffbc5b10000 - 0x00007ffbc5b1a000 	C:\WINDOWS\SYSTEM32\VERSION.dll
0x00007ffbcb640000 - 0x00007ffbcb68d000 	C:\WINDOWS\SYSTEM32\POWRPROF.dll
0x00007ffbc5ea0000 - 0x00007ffbc5ed4000 	C:\WINDOWS\SYSTEM32\WINMM.dll
0x00007ffbb2260000 - 0x00007ffbb2269000 	C:\WINDOWS\SYSTEM32\WSOCK32.dll
0x00007ffbccd10000 - 0x00007ffbccd81000 	C:\WINDOWS\System32\ws2_32.DLL
0x00007ffbcb620000 - 0x00007ffbcb633000 	C:\WINDOWS\SYSTEM32\UMPDC.dll
0x00007ffbcae00000 - 0x00007ffbcae18000 	C:\WINDOWS\SYSTEM32\kernel.appcore.dll
0x00007ffbc47d0000 - 0x00007ffbc47da000 	c:\Users\HP\.vscode\extensions\redhat.java-1.27.0-win32-x64\jre\17.0.10-win32-x86_64\bin\jimage.dll
0x00007ffbc9750000 - 0x00007ffbc9983000 	C:\WINDOWS\SYSTEM32\DBGHELP.DLL
0x00007ffbcc980000 - 0x00007ffbccd09000 	C:\WINDOWS\System32\combase.dll
0x00007ffbcde20000 - 0x00007ffbcdef7000 	C:\WINDOWS\System32\OLEAUT32.dll
0x00007ffbbe110000 - 0x00007ffbbe142000 	C:\WINDOWS\SYSTEM32\dbgcore.DLL
0x00007ffbcbe90000 - 0x00007ffbcbf0a000 	C:\WINDOWS\System32\bcryptPrimitives.dll
0x00007ffbc4750000 - 0x00007ffbc475e000 	c:\Users\HP\.vscode\extensions\redhat.java-1.27.0-win32-x64\jre\17.0.10-win32-x86_64\bin\instrument.dll
0x00007ffbc46d0000 - 0x00007ffbc46f5000 	c:\Users\HP\.vscode\extensions\redhat.java-1.27.0-win32-x64\jre\17.0.10-win32-x86_64\bin\java.dll
0x00007ffbc4730000 - 0x00007ffbc4748000 	c:\Users\HP\.vscode\extensions\redhat.java-1.27.0-win32-x64\jre\17.0.10-win32-x86_64\bin\zip.dll
0x00007ffbcdf00000 - 0x00007ffbce75a000 	C:\WINDOWS\System32\SHELL32.dll
0x00007ffbc9d20000 - 0x00007ffbca616000 	C:\WINDOWS\SYSTEM32\windows.storage.dll
0x00007ffbc9be0000 - 0x00007ffbc9d1e000 	C:\WINDOWS\SYSTEM32\wintypes.dll
0x00007ffbcdd10000 - 0x00007ffbcde03000 	C:\WINDOWS\System32\SHCORE.dll
0x00007ffbce780000 - 0x00007ffbce7de000 	C:\WINDOWS\System32\shlwapi.dll
0x00007ffbcbd00000 - 0x00007ffbcbd26000 	C:\WINDOWS\SYSTEM32\profapi.dll
0x00007ffbbd230000 - 0x00007ffbbd249000 	C:\Users\HP\.vscode\extensions\redhat.java-1.27.0-win32-x64\jre\17.0.10-win32-x86_64\bin\net.dll
0x00007ffbc6230000 - 0x00007ffbc6367000 	C:\WINDOWS\SYSTEM32\WINHTTP.dll
0x00007ffbcb280000 - 0x00007ffbcb2e9000 	C:\WINDOWS\system32\mswsock.dll
0x00007ffbbd210000 - 0x00007ffbbd226000 	C:\Users\HP\.vscode\extensions\redhat.java-1.27.0-win32-x64\jre\17.0.10-win32-x86_64\bin\nio.dll
0x00007ffbc45c0000 - 0x00007ffbc45d0000 	c:\Users\HP\.vscode\extensions\redhat.java-1.27.0-win32-x64\jre\17.0.10-win32-x86_64\bin\verify.dll

dbghelp: loaded successfully - version: 4.0.5 - missing functions: none
symbol engine: initialized successfully - sym options: 0x614 - pdb path: .;c:\Users\HP\.vscode\extensions\redhat.java-1.27.0-win32-x64\jre\17.0.10-win32-x86_64\bin;C:\WINDOWS\SYSTEM32;C:\WINDOWS\WinSxS\amd64_microsoft.windows.common-controls_6595b64144ccf1df_6.0.22621.2506_none_270c5ae97388e100;c:\Users\HP\.vscode\extensions\redhat.java-1.27.0-win32-x64\jre\17.0.10-win32-x86_64\bin\server

VM Arguments:
jvm_args: --add-modules=ALL-SYSTEM --add-opens=java.base/java.util=ALL-UNNAMED --add-opens=java.base/java.lang=ALL-UNNAMED --add-opens=java.base/sun.nio.fs=ALL-UNNAMED -Declipse.application=org.eclipse.jdt.ls.core.id1 -Dosgi.bundles.defaultStartLevel=4 -Declipse.product=org.eclipse.jdt.ls.core.product -Djava.import.generatesMetadataFilesAtProjectRoot=false -DDetectVMInstallationsJob.disabled=true -Dfile.encoding=utf8 -XX:+UseParallelGC -XX:GCTimeRatio=4 -XX:AdaptiveSizePolicyWeight=90 -Dsun.zip.disableMemoryMapping=true -Xmx1G -Xms100m -Xlog:disable -javaagent:c:\Users\HP\.vscode\extensions\redhat.java-1.27.0-win32-x64\lombok\lombok-1.18.31.jar 
java_command: c:\Users\HP\.vscode\extensions\redhat.java-1.27.0-win32-x64\server\plugins\org.eclipse.equinox.launcher_1.6.700.v20231214-2017.jar -configuration c:\Users\HP\AppData\Roaming\Code\User\globalStorage\redhat.java\1.27.0\config_ss_win -data c:\Users\HP\AppData\Roaming\Code\User\workspaceStorage\33794f0b901246631386b9e0ac989ecd\redhat.java\ss_ws --stdio
java_class_path (initial): c:\Users\HP\.vscode\extensions\redhat.java-1.27.0-win32-x64\server\plugins\org.eclipse.equinox.launcher_1.6.700.v20231214-2017.jar
Launcher Type: SUN_STANDARD

[Global flags]
    uintx AdaptiveSizePolicyWeight                 = 90                                        {product} {command line}
     intx CICompilerCount                          = 4                                         {product} {ergonomic}
    uintx GCTimeRatio                              = 4                                         {product} {command line}
   size_t InitialHeapSize                          = 104857600                                 {product} {command line}
   size_t MaxHeapSize                              = 1073741824                                {product} {command line}
   size_t MaxNewSize                               = 357564416                                 {product} {ergonomic}
   size_t MinHeapDeltaBytes                        = 524288                                    {product} {ergonomic}
   size_t MinHeapSize                              = 104857600                                 {product} {command line}
   size_t NewSize                                  = 34603008                                  {product} {ergonomic}
    uintx NonNMethodCodeHeapSize                   = 5839372                                {pd product} {ergonomic}
    uintx NonProfiledCodeHeapSize                  = 122909434                              {pd product} {ergonomic}
   size_t OldSize                                  = 70254592                                  {product} {ergonomic}
    uintx ProfiledCodeHeapSize                     = 122909434                              {pd product} {ergonomic}
    uintx ReservedCodeCacheSize                    = 251658240                              {pd product} {ergonomic}
     bool SegmentedCodeCache                       = true                                      {product} {ergonomic}
   size_t SoftMaxHeapSize                          = 1073741824                             {manageable} {ergonomic}
     bool UseCompressedClassPointers               = true                           {product lp64_product} {ergonomic}
     bool UseCompressedOops                        = true                           {product lp64_product} {ergonomic}
     bool UseLargePagesIndividualAllocation        = false                                  {pd product} {ergonomic}
     bool UseParallelGC                            = true                                      {product} {command line}

Logging:
Log output configuration:
 #0: stdout all=off uptime,level,tags
 #1: stderr all=off uptime,level,tags

Environment Variables:
PATH=C:\Users\HP\.vscode;C:\Program Files\nodejs;C:\Program Files (x86)\Java\jre1.8.0_333\bin;C:\Users\HP\AppData\Local\Android\Sdk;C:\Program Files\Java\jdk-18.0.1.1\bin;C:\Program Files\Git\cmd;C:\WINDOWS\system32;C:\WINDOWS;C:\WINDOWS\System32\Wbem;C:\WINDOWS\System32\WindowsPowerShell\v1.0\;C:\WINDOWS\System32\OpenSSH\;C:\Program Files\dotnet\;C:\Program Files\nodejs\;C:\Program Files (x86)\Microsoft SQL Server\160\DTS\Binn\;C:\Program Files\Azure Data Studio\bin;C:\Program Files (x86)\Microsoft SQL Server\160\Tools\Binn\;C:\Program Files\Microsoft SQL Server\160\Tools\Binn\;C:\Program Files\Microsoft SQL Server\Client SDK\ODBC\170\Tools\Binn\;C:\Program Files\Microsoft SQL Server\160\DTS\Binn\;C:\Users\HP\.vscode;C:\Program Files\nodejs;C:\Program Files (x86)\Java\jre1.8.0_333\bin;C:\Users\HP\AppData\Local\Android\Sdk;C:\Program Files\Java\jdk-18.0.1.1\bin;C:\Users\HP\AppData\Local\Programs\Microsoft VS Code\bin;C:\Users\HP\AppData\Local\Microsoft\WindowsApps;C:\Program Files\dotnet\;C:\Users\HP\AppData\Roaming\npm;C:\Program Files\Azure Data Studio\bin;C:\Users\HP\.dotnet\tools
USERNAME=HP
OS=Windows_NT
PROCESSOR_IDENTIFIER=Intel64 Family 6 Model 142 Stepping 12, GenuineIntel
TMP=C:\Users\HP\AppData\Local\Temp
TEMP=C:\Users\HP\AppData\Local\Temp



Periodic native trim disabled


---------------  S Y S T E M  ---------------

OS:
 Windows 11 , 64 bit Build 22621 (10.0.22621.2506)
OS uptime: 1 days 1:29 hours

CPU: total 8 (initial active 8) (4 cores per cpu, 2 threads per core) family 6 model 142 stepping 12 microcode 0xde, cx8, cmov, fxsr, ht, mmx, 3dnowpref, sse, sse2, sse3, ssse3, sse4.1, sse4.2, popcnt, lzcnt, tsc, tscinvbit, avx, avx2, aes, erms, clmul, bmi1, bmi2, adx, fma, vzeroupper, clflush, clflushopt
Processor Information for all 8 processors :
  Max Mhz: 2112, Current Mhz: 1609, Mhz Limit: 1605

Memory: 4k page, system-wide physical 3899M (18M free)
TotalPageFile size 15675M (AvailPageFile size 12M)
current process WorkingSet (physical memory assigned to process): 15M, peak: 82M
current process commit charge ("private bytes"): 199M, peak: 203M

vm_info: OpenJDK 64-Bit Server VM (17.0.10+7) for windows-amd64 JRE (17.0.10+7), built on Jan 16 2024 23:25:11 by "admin" with MS VC++ 16.10 / 16.11 (VS2019)

END.
